<?xml version="1.0" encoding="UTF-8"?>
<robot generator="Robot 5.0 (Python 3.10.4 on win32)" generated="20220408 09:38:57.219" rpa="false" schemaversion="3">
<suite id="s1" name="Test" source="C:\Users\shajavee\PycharmProjects\Robotframework\test.robot">
<test id="s1-t1" name="Creating_File" line="14">
<kw name="Create File" library="OperatingSystem">
<arg>C:/Users/shajavee/PycharmProjects/Robotframework/testing11</arg>
<doc>Creates a file with the given content and encoding.</doc>
<msg timestamp="20220408 09:38:57.387" level="INFO" html="true">Created file '&lt;a href="file://C:\Users\shajavee\PycharmProjects\Robotframework\testing11"&gt;C:\Users\shajavee\PycharmProjects\Robotframework\testing11&lt;/a&gt;'.</msg>
<status status="PASS" starttime="20220408 09:38:57.387" endtime="20220408 09:38:57.387"/>
</kw>
<status status="PASS" starttime="20220408 09:38:57.387" endtime="20220408 09:38:57.387"/>
</test>
<test id="s1-t2" name="Capturing_Links" line="17">
<kw name="Open Browser" library="SeleniumLibrary">
<arg>${url}</arg>
<arg>${browser}</arg>
<doc>Opens a new browser instance to the optional ``url``.</doc>
<msg timestamp="20220408 09:38:57.387" level="INFO">Opening browser 'chrome' to base url 'https://www.google.com/'.</msg>
<status status="PASS" starttime="20220408 09:38:57.387" endtime="20220408 09:39:00.588"/>
</kw>
<kw name="Maximize Browser Window" library="SeleniumLibrary">
<doc>Maximizes current browser window.</doc>
<status status="PASS" starttime="20220408 09:39:00.589" endtime="20220408 09:39:00.727"/>
</kw>
<kw name="Input Text" library="SeleniumLibrary">
<arg>name:q</arg>
<arg>robotframework</arg>
<doc>Types the given ``text`` into the text field identified by ``locator``.</doc>
<msg timestamp="20220408 09:39:00.727" level="INFO">Typing text 'robotframework' into text field 'name:q'.</msg>
<status status="PASS" starttime="20220408 09:39:00.727" endtime="20220408 09:39:00.889"/>
</kw>
<kw name="Sleep" library="BuiltIn">
<arg>5</arg>
<doc>Pauses the test executed for the given time.</doc>
<msg timestamp="20220408 09:39:05.906" level="INFO">Slept 5 seconds</msg>
<status status="PASS" starttime="20220408 09:39:00.890" endtime="20220408 09:39:05.906"/>
</kw>
<kw name="Click Button" library="SeleniumLibrary">
<arg>xpath:/html/body/div[1]/div[3]/form/div[1]/div[1]/div[2]/div[2]/div[5]/center/input[1]</arg>
<doc>Clicks the button identified by ``locator``.</doc>
<msg timestamp="20220408 09:39:05.906" level="INFO">Clicking button 'xpath:/html/body/div[1]/div[3]/form/div[1]/div[1]/div[2]/div[2]/div[5]/center/input[1]'.</msg>
<status status="PASS" starttime="20220408 09:39:05.906" endtime="20220408 09:39:08.220"/>
</kw>
<kw name="Get Element Count" library="SeleniumLibrary">
<var>${AllLinksCount}</var>
<arg>xpath://a</arg>
<doc>Returns the number of elements matching ``locator``.</doc>
<msg timestamp="20220408 09:39:08.240" level="INFO">${AllLinksCount} = 142</msg>
<status status="PASS" starttime="20220408 09:39:08.221" endtime="20220408 09:39:08.240"/>
</kw>
<kw name="Log To Console" library="BuiltIn">
<arg>${AllLinksCount}</arg>
<doc>Logs the given message to the console.</doc>
<status status="PASS" starttime="20220408 09:39:08.241" endtime="20220408 09:39:08.242"/>
</kw>
<kw name="Create List" library="BuiltIn">
<var>@{LinkItems}</var>
<doc>Returns a list containing given items.</doc>
<msg timestamp="20220408 09:39:08.243" level="INFO">@{LinkItems} = [ ]</msg>
<status status="PASS" starttime="20220408 09:39:08.242" endtime="20220408 09:39:08.243"/>
</kw>
<kw name="Log To Console" library="BuiltIn">
<arg>${text}</arg>
<doc>Logs the given message to the console.</doc>
<status status="PASS" starttime="20220408 09:39:08.243" endtime="20220408 09:39:08.244"/>
</kw>
<for flavor="IN RANGE">
<var>${i}</var>
<value>1</value>
<value>${AllLinksCount}+1</value>
<iter>
<var name="${i}">1</var>
<kw name="Get Text" library="SeleniumLibrary">
<var>${LinkText}</var>
<arg>xpath:(//a)[${i}]</arg>
<doc>Returns the text value of the element identified by ``locator``.</doc>
<msg timestamp="20220408 09:39:08.260" level="INFO">${LinkText} = Skip to main content</msg>
<status status="PASS" starttime="20220408 09:39:08.244" endtime="20220408 09:39:08.260"/>
</kw>
<kw name="Log To Console" library="BuiltIn">
<arg>${LinkText}</arg>
<doc>Logs the given message to the console.</doc>
<status status="PASS" starttime="20220408 09:39:08.260" endtime="20220408 09:39:08.260"/>
</kw>
<kw name="Append To File" library="OperatingSystem">
<arg>C:/Users/shajavee/PycharmProjects/Robotframework/testing11</arg>
<arg>${LinkText}</arg>
<doc>Appends the given content to the specified file.</doc>
<msg timestamp="20220408 09:39:08.260" level="INFO" html="true">Appended to file '&lt;a href="file://C:\Users\shajavee\PycharmProjects\Robotframework\testing11"&gt;C:\Users\shajavee\PycharmProjects\Robotframework\testing11&lt;/a&gt;'.</msg>
<status status="PASS" starttime="20220408 09:39:08.260" endtime="20220408 09:39:08.260"/>
</kw>
<status status="PASS" starttime="20220408 09:39:08.244" endtime="20220408 09:39:08.260"/>
</iter>
<iter>
<var name="${i}">2</var>
<kw name="Get Text" library="SeleniumLibrary">
<var>${LinkText}</var>
<arg>xpath:(//a)[${i}]</arg>
<doc>Returns the text value of the element identified by ``locator``.</doc>
<msg timestamp="20220408 09:39:08.281" level="INFO">${LinkText} = Accessibility help</msg>
<status status="PASS" starttime="20220408 09:39:08.260" endtime="20220408 09:39:08.281"/>
</kw>
<kw name="Log To Console" library="BuiltIn">
<arg>${LinkText}</arg>
<doc>Logs the given message to the console.</doc>
<status status="PASS" starttime="20220408 09:39:08.281" endtime="20220408 09:39:08.281"/>
</kw>
<kw name="Append To File" library="OperatingSystem">
<arg>C:/Users/shajavee/PycharmProjects/Robotframework/testing11</arg>
<arg>${LinkText}</arg>
<doc>Appends the given content to the specified file.</doc>
<msg timestamp="20220408 09:39:08.281" level="INFO" html="true">Appended to file '&lt;a href="file://C:\Users\shajavee\PycharmProjects\Robotframework\testing11"&gt;C:\Users\shajavee\PycharmProjects\Robotframework\testing11&lt;/a&gt;'.</msg>
<status status="PASS" starttime="20220408 09:39:08.281" endtime="20220408 09:39:08.281"/>
</kw>
<status status="PASS" starttime="20220408 09:39:08.260" endtime="20220408 09:39:08.281"/>
</iter>
<iter>
<var name="${i}">3</var>
<kw name="Get Text" library="SeleniumLibrary">
<var>${LinkText}</var>
<arg>xpath:(//a)[${i}]</arg>
<doc>Returns the text value of the element identified by ``locator``.</doc>
<msg timestamp="20220408 09:39:08.311" level="INFO">${LinkText} = Accessibility feedback</msg>
<status status="PASS" starttime="20220408 09:39:08.281" endtime="20220408 09:39:08.311"/>
</kw>
<kw name="Log To Console" library="BuiltIn">
<arg>${LinkText}</arg>
<doc>Logs the given message to the console.</doc>
<status status="PASS" starttime="20220408 09:39:08.311" endtime="20220408 09:39:08.311"/>
</kw>
<kw name="Append To File" library="OperatingSystem">
<arg>C:/Users/shajavee/PycharmProjects/Robotframework/testing11</arg>
<arg>${LinkText}</arg>
<doc>Appends the given content to the specified file.</doc>
<msg timestamp="20220408 09:39:08.311" level="INFO" html="true">Appended to file '&lt;a href="file://C:\Users\shajavee\PycharmProjects\Robotframework\testing11"&gt;C:\Users\shajavee\PycharmProjects\Robotframework\testing11&lt;/a&gt;'.</msg>
<status status="PASS" starttime="20220408 09:39:08.311" endtime="20220408 09:39:08.311"/>
</kw>
<status status="PASS" starttime="20220408 09:39:08.281" endtime="20220408 09:39:08.311"/>
</iter>
<iter>
<var name="${i}">4</var>
<kw name="Get Text" library="SeleniumLibrary">
<var>${LinkText}</var>
<arg>xpath:(//a)[${i}]</arg>
<doc>Returns the text value of the element identified by ``locator``.</doc>
<msg timestamp="20220408 09:39:08.347" level="INFO">${LinkText} = </msg>
<status status="PASS" starttime="20220408 09:39:08.311" endtime="20220408 09:39:08.347"/>
</kw>
<kw name="Log To Console" library="BuiltIn">
<arg>${LinkText}</arg>
<doc>Logs the given message to the console.</doc>
<status status="PASS" starttime="20220408 09:39:08.347" endtime="20220408 09:39:08.348"/>
</kw>
<kw name="Append To File" library="OperatingSystem">
<arg>C:/Users/shajavee/PycharmProjects/Robotframework/testing11</arg>
<arg>${LinkText}</arg>
<doc>Appends the given content to the specified file.</doc>
<msg timestamp="20220408 09:39:08.348" level="INFO" html="true">Appended to file '&lt;a href="file://C:\Users\shajavee\PycharmProjects\Robotframework\testing11"&gt;C:\Users\shajavee\PycharmProjects\Robotframework\testing11&lt;/a&gt;'.</msg>
<status status="PASS" starttime="20220408 09:39:08.348" endtime="20220408 09:39:08.348"/>
</kw>
<status status="PASS" starttime="20220408 09:39:08.311" endtime="20220408 09:39:08.348"/>
</iter>
<iter>
<var name="${i}">5</var>
<kw name="Get Text" library="SeleniumLibrary">
<var>${LinkText}</var>
<arg>xpath:(//a)[${i}]</arg>
<doc>Returns the text value of the element identified by ``locator``.</doc>
<msg timestamp="20220408 09:39:08.374" level="INFO">${LinkText} = </msg>
<status status="PASS" starttime="20220408 09:39:08.348" endtime="20220408 09:39:08.374"/>
</kw>
<kw name="Log To Console" library="BuiltIn">
<arg>${LinkText}</arg>
<doc>Logs the given message to the console.</doc>
<status status="PASS" starttime="20220408 09:39:08.374" endtime="20220408 09:39:08.375"/>
</kw>
<kw name="Append To File" library="OperatingSystem">
<arg>C:/Users/shajavee/PycharmProjects/Robotframework/testing11</arg>
<arg>${LinkText}</arg>
<doc>Appends the given content to the specified file.</doc>
<msg timestamp="20220408 09:39:08.376" level="INFO" html="true">Appended to file '&lt;a href="file://C:\Users\shajavee\PycharmProjects\Robotframework\testing11"&gt;C:\Users\shajavee\PycharmProjects\Robotframework\testing11&lt;/a&gt;'.</msg>
<status status="PASS" starttime="20220408 09:39:08.375" endtime="20220408 09:39:08.376"/>
</kw>
<status status="PASS" starttime="20220408 09:39:08.348" endtime="20220408 09:39:08.376"/>
</iter>
<iter>
<var name="${i}">6</var>
<kw name="Get Text" library="SeleniumLibrary">
<var>${LinkText}</var>
<arg>xpath:(//a)[${i}]</arg>
<doc>Returns the text value of the element identified by ``locator``.</doc>
<msg timestamp="20220408 09:39:08.406" level="INFO">${LinkText} = </msg>
<status status="PASS" starttime="20220408 09:39:08.377" endtime="20220408 09:39:08.406"/>
</kw>
<kw name="Log To Console" library="BuiltIn">
<arg>${LinkText}</arg>
<doc>Logs the given message to the console.</doc>
<status status="PASS" starttime="20220408 09:39:08.407" endtime="20220408 09:39:08.407"/>
</kw>
<kw name="Append To File" library="OperatingSystem">
<arg>C:/Users/shajavee/PycharmProjects/Robotframework/testing11</arg>
<arg>${LinkText}</arg>
<doc>Appends the given content to the specified file.</doc>
<msg timestamp="20220408 09:39:08.408" level="INFO" html="true">Appended to file '&lt;a href="file://C:\Users\shajavee\PycharmProjects\Robotframework\testing11"&gt;C:\Users\shajavee\PycharmProjects\Robotframework\testing11&lt;/a&gt;'.</msg>
<status status="PASS" starttime="20220408 09:39:08.408" endtime="20220408 09:39:08.408"/>
</kw>
<status status="PASS" starttime="20220408 09:39:08.376" endtime="20220408 09:39:08.408"/>
</iter>
<iter>
<var name="${i}">7</var>
<kw name="Get Text" library="SeleniumLibrary">
<var>${LinkText}</var>
<arg>xpath:(//a)[${i}]</arg>
<doc>Returns the text value of the element identified by ``locator``.</doc>
<msg timestamp="20220408 09:39:08.436" level="INFO">${LinkText} = Sign in</msg>
<status status="PASS" starttime="20220408 09:39:08.408" endtime="20220408 09:39:08.436"/>
</kw>
<kw name="Log To Console" library="BuiltIn">
<arg>${LinkText}</arg>
<doc>Logs the given message to the console.</doc>
<status status="PASS" starttime="20220408 09:39:08.436" endtime="20220408 09:39:08.437"/>
</kw>
<kw name="Append To File" library="OperatingSystem">
<arg>C:/Users/shajavee/PycharmProjects/Robotframework/testing11</arg>
<arg>${LinkText}</arg>
<doc>Appends the given content to the specified file.</doc>
<msg timestamp="20220408 09:39:08.438" level="INFO" html="true">Appended to file '&lt;a href="file://C:\Users\shajavee\PycharmProjects\Robotframework\testing11"&gt;C:\Users\shajavee\PycharmProjects\Robotframework\testing11&lt;/a&gt;'.</msg>
<status status="PASS" starttime="20220408 09:39:08.437" endtime="20220408 09:39:08.438"/>
</kw>
<status status="PASS" starttime="20220408 09:39:08.408" endtime="20220408 09:39:08.438"/>
</iter>
<iter>
<var name="${i}">8</var>
<kw name="Get Text" library="SeleniumLibrary">
<var>${LinkText}</var>
<arg>xpath:(//a)[${i}]</arg>
<doc>Returns the text value of the element identified by ``locator``.</doc>
<msg timestamp="20220408 09:39:08.459" level="INFO">${LinkText} = Videos</msg>
<status status="PASS" starttime="20220408 09:39:08.438" endtime="20220408 09:39:08.459"/>
</kw>
<kw name="Log To Console" library="BuiltIn">
<arg>${LinkText}</arg>
<doc>Logs the given message to the console.</doc>
<status status="PASS" starttime="20220408 09:39:08.459" endtime="20220408 09:39:08.459"/>
</kw>
<kw name="Append To File" library="OperatingSystem">
<arg>C:/Users/shajavee/PycharmProjects/Robotframework/testing11</arg>
<arg>${LinkText}</arg>
<doc>Appends the given content to the specified file.</doc>
<msg timestamp="20220408 09:39:08.459" level="INFO" html="true">Appended to file '&lt;a href="file://C:\Users\shajavee\PycharmProjects\Robotframework\testing11"&gt;C:\Users\shajavee\PycharmProjects\Robotframework\testing11&lt;/a&gt;'.</msg>
<status status="PASS" starttime="20220408 09:39:08.459" endtime="20220408 09:39:08.459"/>
</kw>
<status status="PASS" starttime="20220408 09:39:08.438" endtime="20220408 09:39:08.459"/>
</iter>
<iter>
<var name="${i}">9</var>
<kw name="Get Text" library="SeleniumLibrary">
<var>${LinkText}</var>
<arg>xpath:(//a)[${i}]</arg>
<doc>Returns the text value of the element identified by ``locator``.</doc>
<msg timestamp="20220408 09:39:08.496" level="INFO">${LinkText} = Images</msg>
<status status="PASS" starttime="20220408 09:39:08.459" endtime="20220408 09:39:08.496"/>
</kw>
<kw name="Log To Console" library="BuiltIn">
<arg>${LinkText}</arg>
<doc>Logs the given message to the console.</doc>
<status status="PASS" starttime="20220408 09:39:08.496" endtime="20220408 09:39:08.497"/>
</kw>
<kw name="Append To File" library="OperatingSystem">
<arg>C:/Users/shajavee/PycharmProjects/Robotframework/testing11</arg>
<arg>${LinkText}</arg>
<doc>Appends the given content to the specified file.</doc>
<msg timestamp="20220408 09:39:08.498" level="INFO" html="true">Appended to file '&lt;a href="file://C:\Users\shajavee\PycharmProjects\Robotframework\testing11"&gt;C:\Users\shajavee\PycharmProjects\Robotframework\testing11&lt;/a&gt;'.</msg>
<status status="PASS" starttime="20220408 09:39:08.497" endtime="20220408 09:39:08.498"/>
</kw>
<status status="PASS" starttime="20220408 09:39:08.459" endtime="20220408 09:39:08.498"/>
</iter>
<iter>
<var name="${i}">10</var>
<kw name="Get Text" library="SeleniumLibrary">
<var>${LinkText}</var>
<arg>xpath:(//a)[${i}]</arg>
<doc>Returns the text value of the element identified by ``locator``.</doc>
<msg timestamp="20220408 09:39:08.528" level="INFO">${LinkText} = Books</msg>
<status status="PASS" starttime="20220408 09:39:08.498" endtime="20220408 09:39:08.528"/>
</kw>
<kw name="Log To Console" library="BuiltIn">
<arg>${LinkText}</arg>
<doc>Logs the given message to the console.</doc>
<status status="PASS" starttime="20220408 09:39:08.528" endtime="20220408 09:39:08.529"/>
</kw>
<kw name="Append To File" library="OperatingSystem">
<arg>C:/Users/shajavee/PycharmProjects/Robotframework/testing11</arg>
<arg>${LinkText}</arg>
<doc>Appends the given content to the specified file.</doc>
<msg timestamp="20220408 09:39:08.529" level="INFO" html="true">Appended to file '&lt;a href="file://C:\Users\shajavee\PycharmProjects\Robotframework\testing11"&gt;C:\Users\shajavee\PycharmProjects\Robotframework\testing11&lt;/a&gt;'.</msg>
<status status="PASS" starttime="20220408 09:39:08.529" endtime="20220408 09:39:08.530"/>
</kw>
<status status="PASS" starttime="20220408 09:39:08.498" endtime="20220408 09:39:08.530"/>
</iter>
<iter>
<var name="${i}">11</var>
<kw name="Get Text" library="SeleniumLibrary">
<var>${LinkText}</var>
<arg>xpath:(//a)[${i}]</arg>
<doc>Returns the text value of the element identified by ``locator``.</doc>
<msg timestamp="20220408 09:39:08.558" level="INFO">${LinkText} = News</msg>
<status status="PASS" starttime="20220408 09:39:08.530" endtime="20220408 09:39:08.558"/>
</kw>
<kw name="Log To Console" library="BuiltIn">
<arg>${LinkText}</arg>
<doc>Logs the given message to the console.</doc>
<status status="PASS" starttime="20220408 09:39:08.558" endtime="20220408 09:39:08.559"/>
</kw>
<kw name="Append To File" library="OperatingSystem">
<arg>C:/Users/shajavee/PycharmProjects/Robotframework/testing11</arg>
<arg>${LinkText}</arg>
<doc>Appends the given content to the specified file.</doc>
<msg timestamp="20220408 09:39:08.560" level="INFO" html="true">Appended to file '&lt;a href="file://C:\Users\shajavee\PycharmProjects\Robotframework\testing11"&gt;C:\Users\shajavee\PycharmProjects\Robotframework\testing11&lt;/a&gt;'.</msg>
<status status="PASS" starttime="20220408 09:39:08.559" endtime="20220408 09:39:08.560"/>
</kw>
<status status="PASS" starttime="20220408 09:39:08.530" endtime="20220408 09:39:08.560"/>
</iter>
<iter>
<var name="${i}">12</var>
<kw name="Get Text" library="SeleniumLibrary">
<var>${LinkText}</var>
<arg>xpath:(//a)[${i}]</arg>
<doc>Returns the text value of the element identified by ``locator``.</doc>
<msg timestamp="20220408 09:39:08.590" level="INFO">${LinkText} = </msg>
<status status="PASS" starttime="20220408 09:39:08.561" endtime="20220408 09:39:08.590"/>
</kw>
<kw name="Log To Console" library="BuiltIn">
<arg>${LinkText}</arg>
<doc>Logs the given message to the console.</doc>
<status status="PASS" starttime="20220408 09:39:08.590" endtime="20220408 09:39:08.591"/>
</kw>
<kw name="Append To File" library="OperatingSystem">
<arg>C:/Users/shajavee/PycharmProjects/Robotframework/testing11</arg>
<arg>${LinkText}</arg>
<doc>Appends the given content to the specified file.</doc>
<msg timestamp="20220408 09:39:08.592" level="INFO" html="true">Appended to file '&lt;a href="file://C:\Users\shajavee\PycharmProjects\Robotframework\testing11"&gt;C:\Users\shajavee\PycharmProjects\Robotframework\testing11&lt;/a&gt;'.</msg>
<status status="PASS" starttime="20220408 09:39:08.591" endtime="20220408 09:39:08.592"/>
</kw>
<status status="PASS" starttime="20220408 09:39:08.560" endtime="20220408 09:39:08.592"/>
</iter>
<iter>
<var name="${i}">13</var>
<kw name="Get Text" library="SeleniumLibrary">
<var>${LinkText}</var>
<arg>xpath:(//a)[${i}]</arg>
<doc>Returns the text value of the element identified by ``locator``.</doc>
<msg timestamp="20220408 09:39:08.620" level="INFO">${LinkText} = </msg>
<status status="PASS" starttime="20220408 09:39:08.592" endtime="20220408 09:39:08.620"/>
</kw>
<kw name="Log To Console" library="BuiltIn">
<arg>${LinkText}</arg>
<doc>Logs the given message to the console.</doc>
<status status="PASS" starttime="20220408 09:39:08.620" endtime="20220408 09:39:08.621"/>
</kw>
<kw name="Append To File" library="OperatingSystem">
<arg>C:/Users/shajavee/PycharmProjects/Robotframework/testing11</arg>
<arg>${LinkText}</arg>
<doc>Appends the given content to the specified file.</doc>
<msg timestamp="20220408 09:39:08.621" level="INFO" html="true">Appended to file '&lt;a href="file://C:\Users\shajavee\PycharmProjects\Robotframework\testing11"&gt;C:\Users\shajavee\PycharmProjects\Robotframework\testing11&lt;/a&gt;'.</msg>
<status status="PASS" starttime="20220408 09:39:08.621" endtime="20220408 09:39:08.621"/>
</kw>
<status status="PASS" starttime="20220408 09:39:08.592" endtime="20220408 09:39:08.621"/>
</iter>
<iter>
<var name="${i}">14</var>
<kw name="Get Text" library="SeleniumLibrary">
<var>${LinkText}</var>
<arg>xpath:(//a)[${i}]</arg>
<doc>Returns the text value of the element identified by ``locator``.</doc>
<msg timestamp="20220408 09:39:08.649" level="INFO">${LinkText} = </msg>
<status status="PASS" starttime="20220408 09:39:08.621" endtime="20220408 09:39:08.649"/>
</kw>
<kw name="Log To Console" library="BuiltIn">
<arg>${LinkText}</arg>
<doc>Logs the given message to the console.</doc>
<status status="PASS" starttime="20220408 09:39:08.649" endtime="20220408 09:39:08.650"/>
</kw>
<kw name="Append To File" library="OperatingSystem">
<arg>C:/Users/shajavee/PycharmProjects/Robotframework/testing11</arg>
<arg>${LinkText}</arg>
<doc>Appends the given content to the specified file.</doc>
<msg timestamp="20220408 09:39:08.650" level="INFO" html="true">Appended to file '&lt;a href="file://C:\Users\shajavee\PycharmProjects\Robotframework\testing11"&gt;C:\Users\shajavee\PycharmProjects\Robotframework\testing11&lt;/a&gt;'.</msg>
<status status="PASS" starttime="20220408 09:39:08.650" endtime="20220408 09:39:08.650"/>
</kw>
<status status="PASS" starttime="20220408 09:39:08.621" endtime="20220408 09:39:08.650"/>
</iter>
<iter>
<var name="${i}">15</var>
<kw name="Get Text" library="SeleniumLibrary">
<var>${LinkText}</var>
<arg>xpath:(//a)[${i}]</arg>
<doc>Returns the text value of the element identified by ``locator``.</doc>
<msg timestamp="20220408 09:39:08.676" level="INFO">${LinkText} = </msg>
<status status="PASS" starttime="20220408 09:39:08.651" endtime="20220408 09:39:08.676"/>
</kw>
<kw name="Log To Console" library="BuiltIn">
<arg>${LinkText}</arg>
<doc>Logs the given message to the console.</doc>
<status status="PASS" starttime="20220408 09:39:08.676" endtime="20220408 09:39:08.677"/>
</kw>
<kw name="Append To File" library="OperatingSystem">
<arg>C:/Users/shajavee/PycharmProjects/Robotframework/testing11</arg>
<arg>${LinkText}</arg>
<doc>Appends the given content to the specified file.</doc>
<msg timestamp="20220408 09:39:08.678" level="INFO" html="true">Appended to file '&lt;a href="file://C:\Users\shajavee\PycharmProjects\Robotframework\testing11"&gt;C:\Users\shajavee\PycharmProjects\Robotframework\testing11&lt;/a&gt;'.</msg>
<status status="PASS" starttime="20220408 09:39:08.677" endtime="20220408 09:39:08.678"/>
</kw>
<status status="PASS" starttime="20220408 09:39:08.650" endtime="20220408 09:39:08.678"/>
</iter>
<iter>
<var name="${i}">16</var>
<kw name="Get Text" library="SeleniumLibrary">
<var>${LinkText}</var>
<arg>xpath:(//a)[${i}]</arg>
<doc>Returns the text value of the element identified by ``locator``.</doc>
<msg timestamp="20220408 09:39:08.695" level="INFO">${LinkText} = </msg>
<status status="PASS" starttime="20220408 09:39:08.678" endtime="20220408 09:39:08.695"/>
</kw>
<kw name="Log To Console" library="BuiltIn">
<arg>${LinkText}</arg>
<doc>Logs the given message to the console.</doc>
<status status="PASS" starttime="20220408 09:39:08.695" endtime="20220408 09:39:08.695"/>
</kw>
<kw name="Append To File" library="OperatingSystem">
<arg>C:/Users/shajavee/PycharmProjects/Robotframework/testing11</arg>
<arg>${LinkText}</arg>
<doc>Appends the given content to the specified file.</doc>
<msg timestamp="20220408 09:39:08.695" level="INFO" html="true">Appended to file '&lt;a href="file://C:\Users\shajavee\PycharmProjects\Robotframework\testing11"&gt;C:\Users\shajavee\PycharmProjects\Robotframework\testing11&lt;/a&gt;'.</msg>
<status status="PASS" starttime="20220408 09:39:08.695" endtime="20220408 09:39:08.695"/>
</kw>
<status status="PASS" starttime="20220408 09:39:08.678" endtime="20220408 09:39:08.695"/>
</iter>
<iter>
<var name="${i}">17</var>
<kw name="Get Text" library="SeleniumLibrary">
<var>${LinkText}</var>
<arg>xpath:(//a)[${i}]</arg>
<doc>Returns the text value of the element identified by ``locator``.</doc>
<msg timestamp="20220408 09:39:08.727" level="INFO">${LinkText} = </msg>
<status status="PASS" starttime="20220408 09:39:08.695" endtime="20220408 09:39:08.727"/>
</kw>
<kw name="Log To Console" library="BuiltIn">
<arg>${LinkText}</arg>
<doc>Logs the given message to the console.</doc>
<status status="PASS" starttime="20220408 09:39:08.727" endtime="20220408 09:39:08.727"/>
</kw>
<kw name="Append To File" library="OperatingSystem">
<arg>C:/Users/shajavee/PycharmProjects/Robotframework/testing11</arg>
<arg>${LinkText}</arg>
<doc>Appends the given content to the specified file.</doc>
<msg timestamp="20220408 09:39:08.727" level="INFO" html="true">Appended to file '&lt;a href="file://C:\Users\shajavee\PycharmProjects\Robotframework\testing11"&gt;C:\Users\shajavee\PycharmProjects\Robotframework\testing11&lt;/a&gt;'.</msg>
<status status="PASS" starttime="20220408 09:39:08.727" endtime="20220408 09:39:08.727"/>
</kw>
<status status="PASS" starttime="20220408 09:39:08.695" endtime="20220408 09:39:08.727"/>
</iter>
<iter>
<var name="${i}">18</var>
<kw name="Get Text" library="SeleniumLibrary">
<var>${LinkText}</var>
<arg>xpath:(//a)[${i}]</arg>
<doc>Returns the text value of the element identified by ``locator``.</doc>
<msg timestamp="20220408 09:39:08.759" level="INFO">${LinkText} = </msg>
<status status="PASS" starttime="20220408 09:39:08.727" endtime="20220408 09:39:08.759"/>
</kw>
<kw name="Log To Console" library="BuiltIn">
<arg>${LinkText}</arg>
<doc>Logs the given message to the console.</doc>
<status status="PASS" starttime="20220408 09:39:08.759" endtime="20220408 09:39:08.759"/>
</kw>
<kw name="Append To File" library="OperatingSystem">
<arg>C:/Users/shajavee/PycharmProjects/Robotframework/testing11</arg>
<arg>${LinkText}</arg>
<doc>Appends the given content to the specified file.</doc>
<msg timestamp="20220408 09:39:08.759" level="INFO" html="true">Appended to file '&lt;a href="file://C:\Users\shajavee\PycharmProjects\Robotframework\testing11"&gt;C:\Users\shajavee\PycharmProjects\Robotframework\testing11&lt;/a&gt;'.</msg>
<status status="PASS" starttime="20220408 09:39:08.759" endtime="20220408 09:39:08.759"/>
</kw>
<status status="PASS" starttime="20220408 09:39:08.727" endtime="20220408 09:39:08.759"/>
</iter>
<iter>
<var name="${i}">19</var>
<kw name="Get Text" library="SeleniumLibrary">
<var>${LinkText}</var>
<arg>xpath:(//a)[${i}]</arg>
<doc>Returns the text value of the element identified by ``locator``.</doc>
<msg timestamp="20220408 09:39:08.774" level="INFO">${LinkText} = </msg>
<status status="PASS" starttime="20220408 09:39:08.759" endtime="20220408 09:39:08.774"/>
</kw>
<kw name="Log To Console" library="BuiltIn">
<arg>${LinkText}</arg>
<doc>Logs the given message to the console.</doc>
<status status="PASS" starttime="20220408 09:39:08.774" endtime="20220408 09:39:08.774"/>
</kw>
<kw name="Append To File" library="OperatingSystem">
<arg>C:/Users/shajavee/PycharmProjects/Robotframework/testing11</arg>
<arg>${LinkText}</arg>
<doc>Appends the given content to the specified file.</doc>
<msg timestamp="20220408 09:39:08.790" level="INFO" html="true">Appended to file '&lt;a href="file://C:\Users\shajavee\PycharmProjects\Robotframework\testing11"&gt;C:\Users\shajavee\PycharmProjects\Robotframework\testing11&lt;/a&gt;'.</msg>
<status status="PASS" starttime="20220408 09:39:08.790" endtime="20220408 09:39:08.790"/>
</kw>
<status status="PASS" starttime="20220408 09:39:08.759" endtime="20220408 09:39:08.790"/>
</iter>
<iter>
<var name="${i}">20</var>
<kw name="Get Text" library="SeleniumLibrary">
<var>${LinkText}</var>
<arg>xpath:(//a)[${i}]</arg>
<doc>Returns the text value of the element identified by ``locator``.</doc>
<msg timestamp="20220408 09:39:08.810" level="INFO">${LinkText} = </msg>
<status status="PASS" starttime="20220408 09:39:08.790" endtime="20220408 09:39:08.810"/>
</kw>
<kw name="Log To Console" library="BuiltIn">
<arg>${LinkText}</arg>
<doc>Logs the given message to the console.</doc>
<status status="PASS" starttime="20220408 09:39:08.810" endtime="20220408 09:39:08.810"/>
</kw>
<kw name="Append To File" library="OperatingSystem">
<arg>C:/Users/shajavee/PycharmProjects/Robotframework/testing11</arg>
<arg>${LinkText}</arg>
<doc>Appends the given content to the specified file.</doc>
<msg timestamp="20220408 09:39:08.810" level="INFO" html="true">Appended to file '&lt;a href="file://C:\Users\shajavee\PycharmProjects\Robotframework\testing11"&gt;C:\Users\shajavee\PycharmProjects\Robotframework\testing11&lt;/a&gt;'.</msg>
<status status="PASS" starttime="20220408 09:39:08.810" endtime="20220408 09:39:08.810"/>
</kw>
<status status="PASS" starttime="20220408 09:39:08.790" endtime="20220408 09:39:08.810"/>
</iter>
<iter>
<var name="${i}">21</var>
<kw name="Get Text" library="SeleniumLibrary">
<var>${LinkText}</var>
<arg>xpath:(//a)[${i}]</arg>
<doc>Returns the text value of the element identified by ``locator``.</doc>
<msg timestamp="20220408 09:39:08.826" level="INFO">${LinkText} = </msg>
<status status="PASS" starttime="20220408 09:39:08.810" endtime="20220408 09:39:08.826"/>
</kw>
<kw name="Log To Console" library="BuiltIn">
<arg>${LinkText}</arg>
<doc>Logs the given message to the console.</doc>
<status status="PASS" starttime="20220408 09:39:08.826" endtime="20220408 09:39:08.826"/>
</kw>
<kw name="Append To File" library="OperatingSystem">
<arg>C:/Users/shajavee/PycharmProjects/Robotframework/testing11</arg>
<arg>${LinkText}</arg>
<doc>Appends the given content to the specified file.</doc>
<msg timestamp="20220408 09:39:08.826" level="INFO" html="true">Appended to file '&lt;a href="file://C:\Users\shajavee\PycharmProjects\Robotframework\testing11"&gt;C:\Users\shajavee\PycharmProjects\Robotframework\testing11&lt;/a&gt;'.</msg>
<status status="PASS" starttime="20220408 09:39:08.826" endtime="20220408 09:39:08.826"/>
</kw>
<status status="PASS" starttime="20220408 09:39:08.810" endtime="20220408 09:39:08.826"/>
</iter>
<iter>
<var name="${i}">22</var>
<kw name="Get Text" library="SeleniumLibrary">
<var>${LinkText}</var>
<arg>xpath:(//a)[${i}]</arg>
<doc>Returns the text value of the element identified by ``locator``.</doc>
<msg timestamp="20220408 09:39:08.858" level="INFO">${LinkText} = </msg>
<status status="PASS" starttime="20220408 09:39:08.826" endtime="20220408 09:39:08.858"/>
</kw>
<kw name="Log To Console" library="BuiltIn">
<arg>${LinkText}</arg>
<doc>Logs the given message to the console.</doc>
<status status="PASS" starttime="20220408 09:39:08.858" endtime="20220408 09:39:08.858"/>
</kw>
<kw name="Append To File" library="OperatingSystem">
<arg>C:/Users/shajavee/PycharmProjects/Robotframework/testing11</arg>
<arg>${LinkText}</arg>
<doc>Appends the given content to the specified file.</doc>
<msg timestamp="20220408 09:39:08.858" level="INFO" html="true">Appended to file '&lt;a href="file://C:\Users\shajavee\PycharmProjects\Robotframework\testing11"&gt;C:\Users\shajavee\PycharmProjects\Robotframework\testing11&lt;/a&gt;'.</msg>
<status status="PASS" starttime="20220408 09:39:08.858" endtime="20220408 09:39:08.858"/>
</kw>
<status status="PASS" starttime="20220408 09:39:08.826" endtime="20220408 09:39:08.858"/>
</iter>
<iter>
<var name="${i}">23</var>
<kw name="Get Text" library="SeleniumLibrary">
<var>${LinkText}</var>
<arg>xpath:(//a)[${i}]</arg>
<doc>Returns the text value of the element identified by ``locator``.</doc>
<msg timestamp="20220408 09:39:08.889" level="INFO">${LinkText} = </msg>
<status status="PASS" starttime="20220408 09:39:08.858" endtime="20220408 09:39:08.889"/>
</kw>
<kw name="Log To Console" library="BuiltIn">
<arg>${LinkText}</arg>
<doc>Logs the given message to the console.</doc>
<status status="PASS" starttime="20220408 09:39:08.889" endtime="20220408 09:39:08.889"/>
</kw>
<kw name="Append To File" library="OperatingSystem">
<arg>C:/Users/shajavee/PycharmProjects/Robotframework/testing11</arg>
<arg>${LinkText}</arg>
<doc>Appends the given content to the specified file.</doc>
<msg timestamp="20220408 09:39:08.889" level="INFO" html="true">Appended to file '&lt;a href="file://C:\Users\shajavee\PycharmProjects\Robotframework\testing11"&gt;C:\Users\shajavee\PycharmProjects\Robotframework\testing11&lt;/a&gt;'.</msg>
<status status="PASS" starttime="20220408 09:39:08.889" endtime="20220408 09:39:08.889"/>
</kw>
<status status="PASS" starttime="20220408 09:39:08.858" endtime="20220408 09:39:08.889"/>
</iter>
<iter>
<var name="${i}">24</var>
<kw name="Get Text" library="SeleniumLibrary">
<var>${LinkText}</var>
<arg>xpath:(//a)[${i}]</arg>
<doc>Returns the text value of the element identified by ``locator``.</doc>
<msg timestamp="20220408 09:39:08.911" level="INFO">${LinkText} = </msg>
<status status="PASS" starttime="20220408 09:39:08.889" endtime="20220408 09:39:08.911"/>
</kw>
<kw name="Log To Console" library="BuiltIn">
<arg>${LinkText}</arg>
<doc>Logs the given message to the console.</doc>
<status status="PASS" starttime="20220408 09:39:08.911" endtime="20220408 09:39:08.911"/>
</kw>
<kw name="Append To File" library="OperatingSystem">
<arg>C:/Users/shajavee/PycharmProjects/Robotframework/testing11</arg>
<arg>${LinkText}</arg>
<doc>Appends the given content to the specified file.</doc>
<msg timestamp="20220408 09:39:08.911" level="INFO" html="true">Appended to file '&lt;a href="file://C:\Users\shajavee\PycharmProjects\Robotframework\testing11"&gt;C:\Users\shajavee\PycharmProjects\Robotframework\testing11&lt;/a&gt;'.</msg>
<status status="PASS" starttime="20220408 09:39:08.911" endtime="20220408 09:39:08.911"/>
</kw>
<status status="PASS" starttime="20220408 09:39:08.889" endtime="20220408 09:39:08.911"/>
</iter>
<iter>
<var name="${i}">25</var>
<kw name="Get Text" library="SeleniumLibrary">
<var>${LinkText}</var>
<arg>xpath:(//a)[${i}]</arg>
<doc>Returns the text value of the element identified by ``locator``.</doc>
<msg timestamp="20220408 09:39:08.944" level="INFO">${LinkText} = </msg>
<status status="PASS" starttime="20220408 09:39:08.911" endtime="20220408 09:39:08.944"/>
</kw>
<kw name="Log To Console" library="BuiltIn">
<arg>${LinkText}</arg>
<doc>Logs the given message to the console.</doc>
<status status="PASS" starttime="20220408 09:39:08.944" endtime="20220408 09:39:08.944"/>
</kw>
<kw name="Append To File" library="OperatingSystem">
<arg>C:/Users/shajavee/PycharmProjects/Robotframework/testing11</arg>
<arg>${LinkText}</arg>
<doc>Appends the given content to the specified file.</doc>
<msg timestamp="20220408 09:39:08.944" level="INFO" html="true">Appended to file '&lt;a href="file://C:\Users\shajavee\PycharmProjects\Robotframework\testing11"&gt;C:\Users\shajavee\PycharmProjects\Robotframework\testing11&lt;/a&gt;'.</msg>
<status status="PASS" starttime="20220408 09:39:08.944" endtime="20220408 09:39:08.944"/>
</kw>
<status status="PASS" starttime="20220408 09:39:08.911" endtime="20220408 09:39:08.944"/>
</iter>
<iter>
<var name="${i}">26</var>
<kw name="Get Text" library="SeleniumLibrary">
<var>${LinkText}</var>
<arg>xpath:(//a)[${i}]</arg>
<doc>Returns the text value of the element identified by ``locator``.</doc>
<msg timestamp="20220408 09:39:08.959" level="INFO">${LinkText} = </msg>
<status status="PASS" starttime="20220408 09:39:08.944" endtime="20220408 09:39:08.959"/>
</kw>
<kw name="Log To Console" library="BuiltIn">
<arg>${LinkText}</arg>
<doc>Logs the given message to the console.</doc>
<status status="PASS" starttime="20220408 09:39:08.959" endtime="20220408 09:39:08.959"/>
</kw>
<kw name="Append To File" library="OperatingSystem">
<arg>C:/Users/shajavee/PycharmProjects/Robotframework/testing11</arg>
<arg>${LinkText}</arg>
<doc>Appends the given content to the specified file.</doc>
<msg timestamp="20220408 09:39:08.959" level="INFO" html="true">Appended to file '&lt;a href="file://C:\Users\shajavee\PycharmProjects\Robotframework\testing11"&gt;C:\Users\shajavee\PycharmProjects\Robotframework\testing11&lt;/a&gt;'.</msg>
<status status="PASS" starttime="20220408 09:39:08.959" endtime="20220408 09:39:08.959"/>
</kw>
<status status="PASS" starttime="20220408 09:39:08.944" endtime="20220408 09:39:08.959"/>
</iter>
<iter>
<var name="${i}">27</var>
<kw name="Get Text" library="SeleniumLibrary">
<var>${LinkText}</var>
<arg>xpath:(//a)[${i}]</arg>
<doc>Returns the text value of the element identified by ``locator``.</doc>
<msg timestamp="20220408 09:39:08.995" level="INFO">${LinkText} = </msg>
<status status="PASS" starttime="20220408 09:39:08.959" endtime="20220408 09:39:08.995"/>
</kw>
<kw name="Log To Console" library="BuiltIn">
<arg>${LinkText}</arg>
<doc>Logs the given message to the console.</doc>
<status status="PASS" starttime="20220408 09:39:08.995" endtime="20220408 09:39:08.995"/>
</kw>
<kw name="Append To File" library="OperatingSystem">
<arg>C:/Users/shajavee/PycharmProjects/Robotframework/testing11</arg>
<arg>${LinkText}</arg>
<doc>Appends the given content to the specified file.</doc>
<msg timestamp="20220408 09:39:08.995" level="INFO" html="true">Appended to file '&lt;a href="file://C:\Users\shajavee\PycharmProjects\Robotframework\testing11"&gt;C:\Users\shajavee\PycharmProjects\Robotframework\testing11&lt;/a&gt;'.</msg>
<status status="PASS" starttime="20220408 09:39:08.995" endtime="20220408 09:39:08.995"/>
</kw>
<status status="PASS" starttime="20220408 09:39:08.959" endtime="20220408 09:39:08.995"/>
</iter>
<iter>
<var name="${i}">28</var>
<kw name="Get Text" library="SeleniumLibrary">
<var>${LinkText}</var>
<arg>xpath:(//a)[${i}]</arg>
<doc>Returns the text value of the element identified by ``locator``.</doc>
<msg timestamp="20220408 09:39:09.011" level="INFO">${LinkText} = </msg>
<status status="PASS" starttime="20220408 09:39:08.995" endtime="20220408 09:39:09.011"/>
</kw>
<kw name="Log To Console" library="BuiltIn">
<arg>${LinkText}</arg>
<doc>Logs the given message to the console.</doc>
<status status="PASS" starttime="20220408 09:39:09.011" endtime="20220408 09:39:09.011"/>
</kw>
<kw name="Append To File" library="OperatingSystem">
<arg>C:/Users/shajavee/PycharmProjects/Robotframework/testing11</arg>
<arg>${LinkText}</arg>
<doc>Appends the given content to the specified file.</doc>
<msg timestamp="20220408 09:39:09.011" level="INFO" html="true">Appended to file '&lt;a href="file://C:\Users\shajavee\PycharmProjects\Robotframework\testing11"&gt;C:\Users\shajavee\PycharmProjects\Robotframework\testing11&lt;/a&gt;'.</msg>
<status status="PASS" starttime="20220408 09:39:09.011" endtime="20220408 09:39:09.011"/>
</kw>
<status status="PASS" starttime="20220408 09:39:08.995" endtime="20220408 09:39:09.011"/>
</iter>
<iter>
<var name="${i}">29</var>
<kw name="Get Text" library="SeleniumLibrary">
<var>${LinkText}</var>
<arg>xpath:(//a)[${i}]</arg>
<doc>Returns the text value of the element identified by ``locator``.</doc>
<msg timestamp="20220408 09:39:09.043" level="INFO">${LinkText} = Robot Framework
https://robotframework.org</msg>
<status status="PASS" starttime="20220408 09:39:09.011" endtime="20220408 09:39:09.043"/>
</kw>
<kw name="Log To Console" library="BuiltIn">
<arg>${LinkText}</arg>
<doc>Logs the given message to the console.</doc>
<status status="PASS" starttime="20220408 09:39:09.043" endtime="20220408 09:39:09.043"/>
</kw>
<kw name="Append To File" library="OperatingSystem">
<arg>C:/Users/shajavee/PycharmProjects/Robotframework/testing11</arg>
<arg>${LinkText}</arg>
<doc>Appends the given content to the specified file.</doc>
<msg timestamp="20220408 09:39:09.043" level="INFO" html="true">Appended to file '&lt;a href="file://C:\Users\shajavee\PycharmProjects\Robotframework\testing11"&gt;C:\Users\shajavee\PycharmProjects\Robotframework\testing11&lt;/a&gt;'.</msg>
<status status="PASS" starttime="20220408 09:39:09.043" endtime="20220408 09:39:09.043"/>
</kw>
<status status="PASS" starttime="20220408 09:39:09.011" endtime="20220408 09:39:09.043"/>
</iter>
<iter>
<var name="${i}">30</var>
<kw name="Get Text" library="SeleniumLibrary">
<var>${LinkText}</var>
<arg>xpath:(//a)[${i}]</arg>
<doc>Returns the text value of the element identified by ``locator``.</doc>
<msg timestamp="20220408 09:39:09.075" level="INFO">${LinkText} = User Guide</msg>
<status status="PASS" starttime="20220408 09:39:09.043" endtime="20220408 09:39:09.075"/>
</kw>
<kw name="Log To Console" library="BuiltIn">
<arg>${LinkText}</arg>
<doc>Logs the given message to the console.</doc>
<status status="PASS" starttime="20220408 09:39:09.075" endtime="20220408 09:39:09.075"/>
</kw>
<kw name="Append To File" library="OperatingSystem">
<arg>C:/Users/shajavee/PycharmProjects/Robotframework/testing11</arg>
<arg>${LinkText}</arg>
<doc>Appends the given content to the specified file.</doc>
<msg timestamp="20220408 09:39:09.075" level="INFO" html="true">Appended to file '&lt;a href="file://C:\Users\shajavee\PycharmProjects\Robotframework\testing11"&gt;C:\Users\shajavee\PycharmProjects\Robotframework\testing11&lt;/a&gt;'.</msg>
<status status="PASS" starttime="20220408 09:39:09.075" endtime="20220408 09:39:09.075"/>
</kw>
<status status="PASS" starttime="20220408 09:39:09.043" endtime="20220408 09:39:09.075"/>
</iter>
<iter>
<var name="${i}">31</var>
<kw name="Get Text" library="SeleniumLibrary">
<var>${LinkText}</var>
<arg>xpath:(//a)[${i}]</arg>
<doc>Returns the text value of the element identified by ``locator``.</doc>
<msg timestamp="20220408 09:39:09.095" level="INFO">${LinkText} = More results from robotframework.org »</msg>
<status status="PASS" starttime="20220408 09:39:09.075" endtime="20220408 09:39:09.095"/>
</kw>
<kw name="Log To Console" library="BuiltIn">
<arg>${LinkText}</arg>
<doc>Logs the given message to the console.</doc>
<status status="PASS" starttime="20220408 09:39:09.095" endtime="20220408 09:39:09.095"/>
</kw>
<kw name="Append To File" library="OperatingSystem">
<arg>C:/Users/shajavee/PycharmProjects/Robotframework/testing11</arg>
<arg>${LinkText}</arg>
<doc>Appends the given content to the specified file.</doc>
<msg timestamp="20220408 09:39:09.112" level="INFO" html="true">Appended to file '&lt;a href="file://C:\Users\shajavee\PycharmProjects\Robotframework\testing11"&gt;C:\Users\shajavee\PycharmProjects\Robotframework\testing11&lt;/a&gt;'.</msg>
<status status="PASS" starttime="20220408 09:39:09.095" endtime="20220408 09:39:09.112"/>
</kw>
<status status="PASS" starttime="20220408 09:39:09.075" endtime="20220408 09:39:09.112"/>
</iter>
<iter>
<var name="${i}">32</var>
<kw name="Get Text" library="SeleniumLibrary">
<var>${LinkText}</var>
<arg>xpath:(//a)[${i}]</arg>
<doc>Returns the text value of the element identified by ``locator``.</doc>
<msg timestamp="20220408 09:39:09.125" level="INFO">${LinkText} = </msg>
<status status="PASS" starttime="20220408 09:39:09.112" endtime="20220408 09:39:09.125"/>
</kw>
<kw name="Log To Console" library="BuiltIn">
<arg>${LinkText}</arg>
<doc>Logs the given message to the console.</doc>
<status status="PASS" starttime="20220408 09:39:09.125" endtime="20220408 09:39:09.125"/>
</kw>
<kw name="Append To File" library="OperatingSystem">
<arg>C:/Users/shajavee/PycharmProjects/Robotframework/testing11</arg>
<arg>${LinkText}</arg>
<doc>Appends the given content to the specified file.</doc>
<msg timestamp="20220408 09:39:09.125" level="INFO" html="true">Appended to file '&lt;a href="file://C:\Users\shajavee\PycharmProjects\Robotframework\testing11"&gt;C:\Users\shajavee\PycharmProjects\Robotframework\testing11&lt;/a&gt;'.</msg>
<status status="PASS" starttime="20220408 09:39:09.125" endtime="20220408 09:39:09.125"/>
</kw>
<status status="PASS" starttime="20220408 09:39:09.112" endtime="20220408 09:39:09.125"/>
</iter>
<iter>
<var name="${i}">33</var>
<kw name="Get Text" library="SeleniumLibrary">
<var>${LinkText}</var>
<arg>xpath:(//a)[${i}]</arg>
<doc>Returns the text value of the element identified by ``locator``.</doc>
<msg timestamp="20220408 09:39:09.156" level="INFO">${LinkText} = </msg>
<status status="PASS" starttime="20220408 09:39:09.125" endtime="20220408 09:39:09.156"/>
</kw>
<kw name="Log To Console" library="BuiltIn">
<arg>${LinkText}</arg>
<doc>Logs the given message to the console.</doc>
<status status="PASS" starttime="20220408 09:39:09.156" endtime="20220408 09:39:09.156"/>
</kw>
<kw name="Append To File" library="OperatingSystem">
<arg>C:/Users/shajavee/PycharmProjects/Robotframework/testing11</arg>
<arg>${LinkText}</arg>
<doc>Appends the given content to the specified file.</doc>
<msg timestamp="20220408 09:39:09.156" level="INFO" html="true">Appended to file '&lt;a href="file://C:\Users\shajavee\PycharmProjects\Robotframework\testing11"&gt;C:\Users\shajavee\PycharmProjects\Robotframework\testing11&lt;/a&gt;'.</msg>
<status status="PASS" starttime="20220408 09:39:09.156" endtime="20220408 09:39:09.156"/>
</kw>
<status status="PASS" starttime="20220408 09:39:09.125" endtime="20220408 09:39:09.156"/>
</iter>
<iter>
<var name="${i}">34</var>
<kw name="Get Text" library="SeleniumLibrary">
<var>${LinkText}</var>
<arg>xpath:(//a)[${i}]</arg>
<doc>Returns the text value of the element identified by ``locator``.</doc>
<msg timestamp="20220408 09:39:09.188" level="INFO">${LinkText} = </msg>
<status status="PASS" starttime="20220408 09:39:09.156" endtime="20220408 09:39:09.188"/>
</kw>
<kw name="Log To Console" library="BuiltIn">
<arg>${LinkText}</arg>
<doc>Logs the given message to the console.</doc>
<status status="PASS" starttime="20220408 09:39:09.188" endtime="20220408 09:39:09.188"/>
</kw>
<kw name="Append To File" library="OperatingSystem">
<arg>C:/Users/shajavee/PycharmProjects/Robotframework/testing11</arg>
<arg>${LinkText}</arg>
<doc>Appends the given content to the specified file.</doc>
<msg timestamp="20220408 09:39:09.196" level="INFO" html="true">Appended to file '&lt;a href="file://C:\Users\shajavee\PycharmProjects\Robotframework\testing11"&gt;C:\Users\shajavee\PycharmProjects\Robotframework\testing11&lt;/a&gt;'.</msg>
<status status="PASS" starttime="20220408 09:39:09.188" endtime="20220408 09:39:09.196"/>
</kw>
<status status="PASS" starttime="20220408 09:39:09.156" endtime="20220408 09:39:09.196"/>
</iter>
<iter>
<var name="${i}">35</var>
<kw name="Get Text" library="SeleniumLibrary">
<var>${LinkText}</var>
<arg>xpath:(//a)[${i}]</arg>
<doc>Returns the text value of the element identified by ``locator``.</doc>
<msg timestamp="20220408 09:39:09.211" level="INFO">${LinkText} = </msg>
<status status="PASS" starttime="20220408 09:39:09.196" endtime="20220408 09:39:09.211"/>
</kw>
<kw name="Log To Console" library="BuiltIn">
<arg>${LinkText}</arg>
<doc>Logs the given message to the console.</doc>
<status status="PASS" starttime="20220408 09:39:09.211" endtime="20220408 09:39:09.211"/>
</kw>
<kw name="Append To File" library="OperatingSystem">
<arg>C:/Users/shajavee/PycharmProjects/Robotframework/testing11</arg>
<arg>${LinkText}</arg>
<doc>Appends the given content to the specified file.</doc>
<msg timestamp="20220408 09:39:09.211" level="INFO" html="true">Appended to file '&lt;a href="file://C:\Users\shajavee\PycharmProjects\Robotframework\testing11"&gt;C:\Users\shajavee\PycharmProjects\Robotframework\testing11&lt;/a&gt;'.</msg>
<status status="PASS" starttime="20220408 09:39:09.211" endtime="20220408 09:39:09.211"/>
</kw>
<status status="PASS" starttime="20220408 09:39:09.196" endtime="20220408 09:39:09.211"/>
</iter>
<iter>
<var name="${i}">36</var>
<kw name="Get Text" library="SeleniumLibrary">
<var>${LinkText}</var>
<arg>xpath:(//a)[${i}]</arg>
<doc>Returns the text value of the element identified by ``locator``.</doc>
<msg timestamp="20220408 09:39:09.243" level="INFO">${LinkText} = </msg>
<status status="PASS" starttime="20220408 09:39:09.211" endtime="20220408 09:39:09.243"/>
</kw>
<kw name="Log To Console" library="BuiltIn">
<arg>${LinkText}</arg>
<doc>Logs the given message to the console.</doc>
<status status="PASS" starttime="20220408 09:39:09.243" endtime="20220408 09:39:09.243"/>
</kw>
<kw name="Append To File" library="OperatingSystem">
<arg>C:/Users/shajavee/PycharmProjects/Robotframework/testing11</arg>
<arg>${LinkText}</arg>
<doc>Appends the given content to the specified file.</doc>
<msg timestamp="20220408 09:39:09.243" level="INFO" html="true">Appended to file '&lt;a href="file://C:\Users\shajavee\PycharmProjects\Robotframework\testing11"&gt;C:\Users\shajavee\PycharmProjects\Robotframework\testing11&lt;/a&gt;'.</msg>
<status status="PASS" starttime="20220408 09:39:09.243" endtime="20220408 09:39:09.243"/>
</kw>
<status status="PASS" starttime="20220408 09:39:09.211" endtime="20220408 09:39:09.243"/>
</iter>
<iter>
<var name="${i}">37</var>
<kw name="Get Text" library="SeleniumLibrary">
<var>${LinkText}</var>
<arg>xpath:(//a)[${i}]</arg>
<doc>Returns the text value of the element identified by ``locator``.</doc>
<msg timestamp="20220408 09:39:09.274" level="INFO">${LinkText} = </msg>
<status status="PASS" starttime="20220408 09:39:09.243" endtime="20220408 09:39:09.274"/>
</kw>
<kw name="Log To Console" library="BuiltIn">
<arg>${LinkText}</arg>
<doc>Logs the given message to the console.</doc>
<status status="PASS" starttime="20220408 09:39:09.274" endtime="20220408 09:39:09.274"/>
</kw>
<kw name="Append To File" library="OperatingSystem">
<arg>C:/Users/shajavee/PycharmProjects/Robotframework/testing11</arg>
<arg>${LinkText}</arg>
<doc>Appends the given content to the specified file.</doc>
<msg timestamp="20220408 09:39:09.274" level="INFO" html="true">Appended to file '&lt;a href="file://C:\Users\shajavee\PycharmProjects\Robotframework\testing11"&gt;C:\Users\shajavee\PycharmProjects\Robotframework\testing11&lt;/a&gt;'.</msg>
<status status="PASS" starttime="20220408 09:39:09.274" endtime="20220408 09:39:09.274"/>
</kw>
<status status="PASS" starttime="20220408 09:39:09.243" endtime="20220408 09:39:09.274"/>
</iter>
<iter>
<var name="${i}">38</var>
<kw name="Get Text" library="SeleniumLibrary">
<var>${LinkText}</var>
<arg>xpath:(//a)[${i}]</arg>
<doc>Returns the text value of the element identified by ``locator``.</doc>
<msg timestamp="20220408 09:39:09.296" level="INFO">${LinkText} = </msg>
<status status="PASS" starttime="20220408 09:39:09.274" endtime="20220408 09:39:09.296"/>
</kw>
<kw name="Log To Console" library="BuiltIn">
<arg>${LinkText}</arg>
<doc>Logs the given message to the console.</doc>
<status status="PASS" starttime="20220408 09:39:09.296" endtime="20220408 09:39:09.296"/>
</kw>
<kw name="Append To File" library="OperatingSystem">
<arg>C:/Users/shajavee/PycharmProjects/Robotframework/testing11</arg>
<arg>${LinkText}</arg>
<doc>Appends the given content to the specified file.</doc>
<msg timestamp="20220408 09:39:09.296" level="INFO" html="true">Appended to file '&lt;a href="file://C:\Users\shajavee\PycharmProjects\Robotframework\testing11"&gt;C:\Users\shajavee\PycharmProjects\Robotframework\testing11&lt;/a&gt;'.</msg>
<status status="PASS" starttime="20220408 09:39:09.296" endtime="20220408 09:39:09.296"/>
</kw>
<status status="PASS" starttime="20220408 09:39:09.274" endtime="20220408 09:39:09.296"/>
</iter>
<iter>
<var name="${i}">39</var>
<kw name="Get Text" library="SeleniumLibrary">
<var>${LinkText}</var>
<arg>xpath:(//a)[${i}]</arg>
<doc>Returns the text value of the element identified by ``locator``.</doc>
<msg timestamp="20220408 09:39:09.312" level="INFO">${LinkText} = </msg>
<status status="PASS" starttime="20220408 09:39:09.296" endtime="20220408 09:39:09.312"/>
</kw>
<kw name="Log To Console" library="BuiltIn">
<arg>${LinkText}</arg>
<doc>Logs the given message to the console.</doc>
<status status="PASS" starttime="20220408 09:39:09.312" endtime="20220408 09:39:09.312"/>
</kw>
<kw name="Append To File" library="OperatingSystem">
<arg>C:/Users/shajavee/PycharmProjects/Robotframework/testing11</arg>
<arg>${LinkText}</arg>
<doc>Appends the given content to the specified file.</doc>
<msg timestamp="20220408 09:39:09.312" level="INFO" html="true">Appended to file '&lt;a href="file://C:\Users\shajavee\PycharmProjects\Robotframework\testing11"&gt;C:\Users\shajavee\PycharmProjects\Robotframework\testing11&lt;/a&gt;'.</msg>
<status status="PASS" starttime="20220408 09:39:09.312" endtime="20220408 09:39:09.312"/>
</kw>
<status status="PASS" starttime="20220408 09:39:09.296" endtime="20220408 09:39:09.312"/>
</iter>
<iter>
<var name="${i}">40</var>
<kw name="Get Text" library="SeleniumLibrary">
<var>${LinkText}</var>
<arg>xpath:(//a)[${i}]</arg>
<doc>Returns the text value of the element identified by ``locator``.</doc>
<msg timestamp="20220408 09:39:09.344" level="INFO">${LinkText} = </msg>
<status status="PASS" starttime="20220408 09:39:09.312" endtime="20220408 09:39:09.344"/>
</kw>
<kw name="Log To Console" library="BuiltIn">
<arg>${LinkText}</arg>
<doc>Logs the given message to the console.</doc>
<status status="PASS" starttime="20220408 09:39:09.344" endtime="20220408 09:39:09.344"/>
</kw>
<kw name="Append To File" library="OperatingSystem">
<arg>C:/Users/shajavee/PycharmProjects/Robotframework/testing11</arg>
<arg>${LinkText}</arg>
<doc>Appends the given content to the specified file.</doc>
<msg timestamp="20220408 09:39:09.344" level="INFO" html="true">Appended to file '&lt;a href="file://C:\Users\shajavee\PycharmProjects\Robotframework\testing11"&gt;C:\Users\shajavee\PycharmProjects\Robotframework\testing11&lt;/a&gt;'.</msg>
<status status="PASS" starttime="20220408 09:39:09.344" endtime="20220408 09:39:09.344"/>
</kw>
<status status="PASS" starttime="20220408 09:39:09.312" endtime="20220408 09:39:09.344"/>
</iter>
<iter>
<var name="${i}">41</var>
<kw name="Get Text" library="SeleniumLibrary">
<var>${LinkText}</var>
<arg>xpath:(//a)[${i}]</arg>
<doc>Returns the text value of the element identified by ``locator``.</doc>
<msg timestamp="20220408 09:39:09.360" level="INFO">${LinkText} = </msg>
<status status="PASS" starttime="20220408 09:39:09.344" endtime="20220408 09:39:09.360"/>
</kw>
<kw name="Log To Console" library="BuiltIn">
<arg>${LinkText}</arg>
<doc>Logs the given message to the console.</doc>
<status status="PASS" starttime="20220408 09:39:09.360" endtime="20220408 09:39:09.360"/>
</kw>
<kw name="Append To File" library="OperatingSystem">
<arg>C:/Users/shajavee/PycharmProjects/Robotframework/testing11</arg>
<arg>${LinkText}</arg>
<doc>Appends the given content to the specified file.</doc>
<msg timestamp="20220408 09:39:09.360" level="INFO" html="true">Appended to file '&lt;a href="file://C:\Users\shajavee\PycharmProjects\Robotframework\testing11"&gt;C:\Users\shajavee\PycharmProjects\Robotframework\testing11&lt;/a&gt;'.</msg>
<status status="PASS" starttime="20220408 09:39:09.360" endtime="20220408 09:39:09.360"/>
</kw>
<status status="PASS" starttime="20220408 09:39:09.344" endtime="20220408 09:39:09.360"/>
</iter>
<iter>
<var name="${i}">42</var>
<kw name="Get Text" library="SeleniumLibrary">
<var>${LinkText}</var>
<arg>xpath:(//a)[${i}]</arg>
<doc>Returns the text value of the element identified by ``locator``.</doc>
<msg timestamp="20220408 09:39:09.376" level="INFO">${LinkText} = </msg>
<status status="PASS" starttime="20220408 09:39:09.360" endtime="20220408 09:39:09.376"/>
</kw>
<kw name="Log To Console" library="BuiltIn">
<arg>${LinkText}</arg>
<doc>Logs the given message to the console.</doc>
<status status="PASS" starttime="20220408 09:39:09.376" endtime="20220408 09:39:09.376"/>
</kw>
<kw name="Append To File" library="OperatingSystem">
<arg>C:/Users/shajavee/PycharmProjects/Robotframework/testing11</arg>
<arg>${LinkText}</arg>
<doc>Appends the given content to the specified file.</doc>
<msg timestamp="20220408 09:39:09.376" level="INFO" html="true">Appended to file '&lt;a href="file://C:\Users\shajavee\PycharmProjects\Robotframework\testing11"&gt;C:\Users\shajavee\PycharmProjects\Robotframework\testing11&lt;/a&gt;'.</msg>
<status status="PASS" starttime="20220408 09:39:09.376" endtime="20220408 09:39:09.376"/>
</kw>
<status status="PASS" starttime="20220408 09:39:09.360" endtime="20220408 09:39:09.376"/>
</iter>
<iter>
<var name="${i}">43</var>
<kw name="Get Text" library="SeleniumLibrary">
<var>${LinkText}</var>
<arg>xpath:(//a)[${i}]</arg>
<doc>Returns the text value of the element identified by ``locator``.</doc>
<msg timestamp="20220408 09:39:09.396" level="INFO">${LinkText} = </msg>
<status status="PASS" starttime="20220408 09:39:09.376" endtime="20220408 09:39:09.396"/>
</kw>
<kw name="Log To Console" library="BuiltIn">
<arg>${LinkText}</arg>
<doc>Logs the given message to the console.</doc>
<status status="PASS" starttime="20220408 09:39:09.396" endtime="20220408 09:39:09.411"/>
</kw>
<kw name="Append To File" library="OperatingSystem">
<arg>C:/Users/shajavee/PycharmProjects/Robotframework/testing11</arg>
<arg>${LinkText}</arg>
<doc>Appends the given content to the specified file.</doc>
<msg timestamp="20220408 09:39:09.412" level="INFO" html="true">Appended to file '&lt;a href="file://C:\Users\shajavee\PycharmProjects\Robotframework\testing11"&gt;C:\Users\shajavee\PycharmProjects\Robotframework\testing11&lt;/a&gt;'.</msg>
<status status="PASS" starttime="20220408 09:39:09.411" endtime="20220408 09:39:09.412"/>
</kw>
<status status="PASS" starttime="20220408 09:39:09.376" endtime="20220408 09:39:09.412"/>
</iter>
<iter>
<var name="${i}">44</var>
<kw name="Get Text" library="SeleniumLibrary">
<var>${LinkText}</var>
<arg>xpath:(//a)[${i}]</arg>
<doc>Returns the text value of the element identified by ``locator``.</doc>
<msg timestamp="20220408 09:39:09.436" level="INFO">${LinkText} = </msg>
<status status="PASS" starttime="20220408 09:39:09.412" endtime="20220408 09:39:09.436"/>
</kw>
<kw name="Log To Console" library="BuiltIn">
<arg>${LinkText}</arg>
<doc>Logs the given message to the console.</doc>
<status status="PASS" starttime="20220408 09:39:09.437" endtime="20220408 09:39:09.437"/>
</kw>
<kw name="Append To File" library="OperatingSystem">
<arg>C:/Users/shajavee/PycharmProjects/Robotframework/testing11</arg>
<arg>${LinkText}</arg>
<doc>Appends the given content to the specified file.</doc>
<msg timestamp="20220408 09:39:09.438" level="INFO" html="true">Appended to file '&lt;a href="file://C:\Users\shajavee\PycharmProjects\Robotframework\testing11"&gt;C:\Users\shajavee\PycharmProjects\Robotframework\testing11&lt;/a&gt;'.</msg>
<status status="PASS" starttime="20220408 09:39:09.438" endtime="20220408 09:39:09.438"/>
</kw>
<status status="PASS" starttime="20220408 09:39:09.412" endtime="20220408 09:39:09.438"/>
</iter>
<iter>
<var name="${i}">45</var>
<kw name="Get Text" library="SeleniumLibrary">
<var>${LinkText}</var>
<arg>xpath:(//a)[${i}]</arg>
<doc>Returns the text value of the element identified by ``locator``.</doc>
<msg timestamp="20220408 09:39:09.459" level="INFO">${LinkText} = </msg>
<status status="PASS" starttime="20220408 09:39:09.439" endtime="20220408 09:39:09.459"/>
</kw>
<kw name="Log To Console" library="BuiltIn">
<arg>${LinkText}</arg>
<doc>Logs the given message to the console.</doc>
<status status="PASS" starttime="20220408 09:39:09.459" endtime="20220408 09:39:09.459"/>
</kw>
<kw name="Append To File" library="OperatingSystem">
<arg>C:/Users/shajavee/PycharmProjects/Robotframework/testing11</arg>
<arg>${LinkText}</arg>
<doc>Appends the given content to the specified file.</doc>
<msg timestamp="20220408 09:39:09.459" level="INFO" html="true">Appended to file '&lt;a href="file://C:\Users\shajavee\PycharmProjects\Robotframework\testing11"&gt;C:\Users\shajavee\PycharmProjects\Robotframework\testing11&lt;/a&gt;'.</msg>
<status status="PASS" starttime="20220408 09:39:09.459" endtime="20220408 09:39:09.459"/>
</kw>
<status status="PASS" starttime="20220408 09:39:09.438" endtime="20220408 09:39:09.459"/>
</iter>
<iter>
<var name="${i}">46</var>
<kw name="Get Text" library="SeleniumLibrary">
<var>${LinkText}</var>
<arg>xpath:(//a)[${i}]</arg>
<doc>Returns the text value of the element identified by ``locator``.</doc>
<msg timestamp="20220408 09:39:09.476" level="INFO">${LinkText} = </msg>
<status status="PASS" starttime="20220408 09:39:09.459" endtime="20220408 09:39:09.476"/>
</kw>
<kw name="Log To Console" library="BuiltIn">
<arg>${LinkText}</arg>
<doc>Logs the given message to the console.</doc>
<status status="PASS" starttime="20220408 09:39:09.491" endtime="20220408 09:39:09.491"/>
</kw>
<kw name="Append To File" library="OperatingSystem">
<arg>C:/Users/shajavee/PycharmProjects/Robotframework/testing11</arg>
<arg>${LinkText}</arg>
<doc>Appends the given content to the specified file.</doc>
<msg timestamp="20220408 09:39:09.491" level="INFO" html="true">Appended to file '&lt;a href="file://C:\Users\shajavee\PycharmProjects\Robotframework\testing11"&gt;C:\Users\shajavee\PycharmProjects\Robotframework\testing11&lt;/a&gt;'.</msg>
<status status="PASS" starttime="20220408 09:39:09.491" endtime="20220408 09:39:09.491"/>
</kw>
<status status="PASS" starttime="20220408 09:39:09.459" endtime="20220408 09:39:09.491"/>
</iter>
<iter>
<var name="${i}">47</var>
<kw name="Get Text" library="SeleniumLibrary">
<var>${LinkText}</var>
<arg>xpath:(//a)[${i}]</arg>
<doc>Returns the text value of the element identified by ``locator``.</doc>
<msg timestamp="20220408 09:39:09.512" level="INFO">${LinkText} = </msg>
<status status="PASS" starttime="20220408 09:39:09.491" endtime="20220408 09:39:09.512"/>
</kw>
<kw name="Log To Console" library="BuiltIn">
<arg>${LinkText}</arg>
<doc>Logs the given message to the console.</doc>
<status status="PASS" starttime="20220408 09:39:09.512" endtime="20220408 09:39:09.512"/>
</kw>
<kw name="Append To File" library="OperatingSystem">
<arg>C:/Users/shajavee/PycharmProjects/Robotframework/testing11</arg>
<arg>${LinkText}</arg>
<doc>Appends the given content to the specified file.</doc>
<msg timestamp="20220408 09:39:09.512" level="INFO" html="true">Appended to file '&lt;a href="file://C:\Users\shajavee\PycharmProjects\Robotframework\testing11"&gt;C:\Users\shajavee\PycharmProjects\Robotframework\testing11&lt;/a&gt;'.</msg>
<status status="PASS" starttime="20220408 09:39:09.512" endtime="20220408 09:39:09.512"/>
</kw>
<status status="PASS" starttime="20220408 09:39:09.491" endtime="20220408 09:39:09.512"/>
</iter>
<iter>
<var name="${i}">48</var>
<kw name="Get Text" library="SeleniumLibrary">
<var>${LinkText}</var>
<arg>xpath:(//a)[${i}]</arg>
<doc>Returns the text value of the element identified by ``locator``.</doc>
<msg timestamp="20220408 09:39:09.543" level="INFO">${LinkText} = </msg>
<status status="PASS" starttime="20220408 09:39:09.512" endtime="20220408 09:39:09.543"/>
</kw>
<kw name="Log To Console" library="BuiltIn">
<arg>${LinkText}</arg>
<doc>Logs the given message to the console.</doc>
<status status="PASS" starttime="20220408 09:39:09.543" endtime="20220408 09:39:09.543"/>
</kw>
<kw name="Append To File" library="OperatingSystem">
<arg>C:/Users/shajavee/PycharmProjects/Robotframework/testing11</arg>
<arg>${LinkText}</arg>
<doc>Appends the given content to the specified file.</doc>
<msg timestamp="20220408 09:39:09.543" level="INFO" html="true">Appended to file '&lt;a href="file://C:\Users\shajavee\PycharmProjects\Robotframework\testing11"&gt;C:\Users\shajavee\PycharmProjects\Robotframework\testing11&lt;/a&gt;'.</msg>
<status status="PASS" starttime="20220408 09:39:09.543" endtime="20220408 09:39:09.543"/>
</kw>
<status status="PASS" starttime="20220408 09:39:09.512" endtime="20220408 09:39:09.543"/>
</iter>
<iter>
<var name="${i}">49</var>
<kw name="Get Text" library="SeleniumLibrary">
<var>${LinkText}</var>
<arg>xpath:(//a)[${i}]</arg>
<doc>Returns the text value of the element identified by ``locator``.</doc>
<msg timestamp="20220408 09:39:09.559" level="INFO">${LinkText} = Feedback</msg>
<status status="PASS" starttime="20220408 09:39:09.543" endtime="20220408 09:39:09.559"/>
</kw>
<kw name="Log To Console" library="BuiltIn">
<arg>${LinkText}</arg>
<doc>Logs the given message to the console.</doc>
<status status="PASS" starttime="20220408 09:39:09.559" endtime="20220408 09:39:09.559"/>
</kw>
<kw name="Append To File" library="OperatingSystem">
<arg>C:/Users/shajavee/PycharmProjects/Robotframework/testing11</arg>
<arg>${LinkText}</arg>
<doc>Appends the given content to the specified file.</doc>
<msg timestamp="20220408 09:39:09.559" level="INFO" html="true">Appended to file '&lt;a href="file://C:\Users\shajavee\PycharmProjects\Robotframework\testing11"&gt;C:\Users\shajavee\PycharmProjects\Robotframework\testing11&lt;/a&gt;'.</msg>
<status status="PASS" starttime="20220408 09:39:09.559" endtime="20220408 09:39:09.559"/>
</kw>
<status status="PASS" starttime="20220408 09:39:09.543" endtime="20220408 09:39:09.559"/>
</iter>
<iter>
<var name="${i}">50</var>
<kw name="Get Text" library="SeleniumLibrary">
<var>${LinkText}</var>
<arg>xpath:(//a)[${i}]</arg>
<doc>Returns the text value of the element identified by ``locator``.</doc>
<msg timestamp="20220408 09:39:09.596" level="INFO">${LinkText} = Robot Framework - GitHub
https://github.com › robotframework › robotframework</msg>
<status status="PASS" starttime="20220408 09:39:09.559" endtime="20220408 09:39:09.596"/>
</kw>
<kw name="Log To Console" library="BuiltIn">
<arg>${LinkText}</arg>
<doc>Logs the given message to the console.</doc>
<status status="PASS" starttime="20220408 09:39:09.596" endtime="20220408 09:39:09.596"/>
</kw>
<kw name="Append To File" library="OperatingSystem">
<arg>C:/Users/shajavee/PycharmProjects/Robotframework/testing11</arg>
<arg>${LinkText}</arg>
<doc>Appends the given content to the specified file.</doc>
<msg timestamp="20220408 09:39:09.596" level="INFO" html="true">Appended to file '&lt;a href="file://C:\Users\shajavee\PycharmProjects\Robotframework\testing11"&gt;C:\Users\shajavee\PycharmProjects\Robotframework\testing11&lt;/a&gt;'.</msg>
<status status="PASS" starttime="20220408 09:39:09.596" endtime="20220408 09:39:09.596"/>
</kw>
<status status="PASS" starttime="20220408 09:39:09.559" endtime="20220408 09:39:09.596"/>
</iter>
<iter>
<var name="${i}">51</var>
<kw name="Get Text" library="SeleniumLibrary">
<var>${LinkText}</var>
<arg>xpath:(//a)[${i}]</arg>
<doc>Returns the text value of the element identified by ``locator``.</doc>
<msg timestamp="20220408 09:39:09.627" level="INFO">${LinkText} = PREVIEW
25:35
Robot Framework Tutorial | Robot Framework With Python ...
YouTube · edureka!
06-Nov-2019</msg>
<status status="PASS" starttime="20220408 09:39:09.596" endtime="20220408 09:39:09.627"/>
</kw>
<kw name="Log To Console" library="BuiltIn">
<arg>${LinkText}</arg>
<doc>Logs the given message to the console.</doc>
<status status="PASS" starttime="20220408 09:39:09.627" endtime="20220408 09:39:09.627"/>
</kw>
<kw name="Append To File" library="OperatingSystem">
<arg>C:/Users/shajavee/PycharmProjects/Robotframework/testing11</arg>
<arg>${LinkText}</arg>
<doc>Appends the given content to the specified file.</doc>
<msg timestamp="20220408 09:39:09.627" level="INFO" html="true">Appended to file '&lt;a href="file://C:\Users\shajavee\PycharmProjects\Robotframework\testing11"&gt;C:\Users\shajavee\PycharmProjects\Robotframework\testing11&lt;/a&gt;'.</msg>
<status status="PASS" starttime="20220408 09:39:09.627" endtime="20220408 09:39:09.627"/>
</kw>
<status status="PASS" starttime="20220408 09:39:09.596" endtime="20220408 09:39:09.627"/>
</iter>
<iter>
<var name="${i}">52</var>
<kw name="Get Text" library="SeleniumLibrary">
<var>${LinkText}</var>
<arg>xpath:(//a)[${i}]</arg>
<doc>Returns the text value of the element identified by ``locator``.</doc>
<msg timestamp="20220408 09:39:09.650" level="INFO">${LinkText} = </msg>
<status status="PASS" starttime="20220408 09:39:09.627" endtime="20220408 09:39:09.650"/>
</kw>
<kw name="Log To Console" library="BuiltIn">
<arg>${LinkText}</arg>
<doc>Logs the given message to the console.</doc>
<status status="PASS" starttime="20220408 09:39:09.650" endtime="20220408 09:39:09.650"/>
</kw>
<kw name="Append To File" library="OperatingSystem">
<arg>C:/Users/shajavee/PycharmProjects/Robotframework/testing11</arg>
<arg>${LinkText}</arg>
<doc>Appends the given content to the specified file.</doc>
<msg timestamp="20220408 09:39:09.650" level="INFO" html="true">Appended to file '&lt;a href="file://C:\Users\shajavee\PycharmProjects\Robotframework\testing11"&gt;C:\Users\shajavee\PycharmProjects\Robotframework\testing11&lt;/a&gt;'.</msg>
<status status="PASS" starttime="20220408 09:39:09.650" endtime="20220408 09:39:09.650"/>
</kw>
<status status="PASS" starttime="20220408 09:39:09.627" endtime="20220408 09:39:09.650"/>
</iter>
<iter>
<var name="${i}">53</var>
<kw name="Get Text" library="SeleniumLibrary">
<var>${LinkText}</var>
<arg>xpath:(//a)[${i}]</arg>
<doc>Returns the text value of the element identified by ``locator``.</doc>
<msg timestamp="20220408 09:39:09.682" level="INFO">${LinkText} = </msg>
<status status="PASS" starttime="20220408 09:39:09.650" endtime="20220408 09:39:09.682"/>
</kw>
<kw name="Log To Console" library="BuiltIn">
<arg>${LinkText}</arg>
<doc>Logs the given message to the console.</doc>
<status status="PASS" starttime="20220408 09:39:09.682" endtime="20220408 09:39:09.682"/>
</kw>
<kw name="Append To File" library="OperatingSystem">
<arg>C:/Users/shajavee/PycharmProjects/Robotframework/testing11</arg>
<arg>${LinkText}</arg>
<doc>Appends the given content to the specified file.</doc>
<msg timestamp="20220408 09:39:09.682" level="INFO" html="true">Appended to file '&lt;a href="file://C:\Users\shajavee\PycharmProjects\Robotframework\testing11"&gt;C:\Users\shajavee\PycharmProjects\Robotframework\testing11&lt;/a&gt;'.</msg>
<status status="PASS" starttime="20220408 09:39:09.682" endtime="20220408 09:39:09.682"/>
</kw>
<status status="PASS" starttime="20220408 09:39:09.650" endtime="20220408 09:39:09.682"/>
</iter>
<iter>
<var name="${i}">54</var>
<kw name="Get Text" library="SeleniumLibrary">
<var>${LinkText}</var>
<arg>xpath:(//a)[${i}]</arg>
<doc>Returns the text value of the element identified by ``locator``.</doc>
<msg timestamp="20220408 09:39:09.712" level="INFO">${LinkText} = </msg>
<status status="PASS" starttime="20220408 09:39:09.682" endtime="20220408 09:39:09.712"/>
</kw>
<kw name="Log To Console" library="BuiltIn">
<arg>${LinkText}</arg>
<doc>Logs the given message to the console.</doc>
<status status="PASS" starttime="20220408 09:39:09.712" endtime="20220408 09:39:09.712"/>
</kw>
<kw name="Append To File" library="OperatingSystem">
<arg>C:/Users/shajavee/PycharmProjects/Robotframework/testing11</arg>
<arg>${LinkText}</arg>
<doc>Appends the given content to the specified file.</doc>
<msg timestamp="20220408 09:39:09.712" level="INFO" html="true">Appended to file '&lt;a href="file://C:\Users\shajavee\PycharmProjects\Robotframework\testing11"&gt;C:\Users\shajavee\PycharmProjects\Robotframework\testing11&lt;/a&gt;'.</msg>
<status status="PASS" starttime="20220408 09:39:09.712" endtime="20220408 09:39:09.712"/>
</kw>
<status status="PASS" starttime="20220408 09:39:09.682" endtime="20220408 09:39:09.712"/>
</iter>
<iter>
<var name="${i}">55</var>
<kw name="Get Text" library="SeleniumLibrary">
<var>${LinkText}</var>
<arg>xpath:(//a)[${i}]</arg>
<doc>Returns the text value of the element identified by ``locator``.</doc>
<msg timestamp="20220408 09:39:09.728" level="INFO">${LinkText} = </msg>
<status status="PASS" starttime="20220408 09:39:09.712" endtime="20220408 09:39:09.728"/>
</kw>
<kw name="Log To Console" library="BuiltIn">
<arg>${LinkText}</arg>
<doc>Logs the given message to the console.</doc>
<status status="PASS" starttime="20220408 09:39:09.728" endtime="20220408 09:39:09.728"/>
</kw>
<kw name="Append To File" library="OperatingSystem">
<arg>C:/Users/shajavee/PycharmProjects/Robotframework/testing11</arg>
<arg>${LinkText}</arg>
<doc>Appends the given content to the specified file.</doc>
<msg timestamp="20220408 09:39:09.728" level="INFO" html="true">Appended to file '&lt;a href="file://C:\Users\shajavee\PycharmProjects\Robotframework\testing11"&gt;C:\Users\shajavee\PycharmProjects\Robotframework\testing11&lt;/a&gt;'.</msg>
<status status="PASS" starttime="20220408 09:39:09.728" endtime="20220408 09:39:09.728"/>
</kw>
<status status="PASS" starttime="20220408 09:39:09.712" endtime="20220408 09:39:09.728"/>
</iter>
<iter>
<var name="${i}">56</var>
<kw name="Get Text" library="SeleniumLibrary">
<var>${LinkText}</var>
<arg>xpath:(//a)[${i}]</arg>
<doc>Returns the text value of the element identified by ``locator``.</doc>
<msg timestamp="20220408 09:39:09.759" level="INFO">${LinkText} = </msg>
<status status="PASS" starttime="20220408 09:39:09.728" endtime="20220408 09:39:09.759"/>
</kw>
<kw name="Log To Console" library="BuiltIn">
<arg>${LinkText}</arg>
<doc>Logs the given message to the console.</doc>
<status status="PASS" starttime="20220408 09:39:09.759" endtime="20220408 09:39:09.759"/>
</kw>
<kw name="Append To File" library="OperatingSystem">
<arg>C:/Users/shajavee/PycharmProjects/Robotframework/testing11</arg>
<arg>${LinkText}</arg>
<doc>Appends the given content to the specified file.</doc>
<msg timestamp="20220408 09:39:09.759" level="INFO" html="true">Appended to file '&lt;a href="file://C:\Users\shajavee\PycharmProjects\Robotframework\testing11"&gt;C:\Users\shajavee\PycharmProjects\Robotframework\testing11&lt;/a&gt;'.</msg>
<status status="PASS" starttime="20220408 09:39:09.759" endtime="20220408 09:39:09.759"/>
</kw>
<status status="PASS" starttime="20220408 09:39:09.728" endtime="20220408 09:39:09.759"/>
</iter>
<iter>
<var name="${i}">57</var>
<kw name="Get Text" library="SeleniumLibrary">
<var>${LinkText}</var>
<arg>xpath:(//a)[${i}]</arg>
<doc>Returns the text value of the element identified by ``locator``.</doc>
<msg timestamp="20220408 09:39:09.775" level="INFO">${LinkText} = </msg>
<status status="PASS" starttime="20220408 09:39:09.759" endtime="20220408 09:39:09.775"/>
</kw>
<kw name="Log To Console" library="BuiltIn">
<arg>${LinkText}</arg>
<doc>Logs the given message to the console.</doc>
<status status="PASS" starttime="20220408 09:39:09.775" endtime="20220408 09:39:09.775"/>
</kw>
<kw name="Append To File" library="OperatingSystem">
<arg>C:/Users/shajavee/PycharmProjects/Robotframework/testing11</arg>
<arg>${LinkText}</arg>
<doc>Appends the given content to the specified file.</doc>
<msg timestamp="20220408 09:39:09.775" level="INFO" html="true">Appended to file '&lt;a href="file://C:\Users\shajavee\PycharmProjects\Robotframework\testing11"&gt;C:\Users\shajavee\PycharmProjects\Robotframework\testing11&lt;/a&gt;'.</msg>
<status status="PASS" starttime="20220408 09:39:09.775" endtime="20220408 09:39:09.775"/>
</kw>
<status status="PASS" starttime="20220408 09:39:09.759" endtime="20220408 09:39:09.775"/>
</iter>
<iter>
<var name="${i}">58</var>
<kw name="Get Text" library="SeleniumLibrary">
<var>${LinkText}</var>
<arg>xpath:(//a)[${i}]</arg>
<doc>Returns the text value of the element identified by ``locator``.</doc>
<msg timestamp="20220408 09:39:09.812" level="INFO">${LinkText} = </msg>
<status status="PASS" starttime="20220408 09:39:09.775" endtime="20220408 09:39:09.812"/>
</kw>
<kw name="Log To Console" library="BuiltIn">
<arg>${LinkText}</arg>
<doc>Logs the given message to the console.</doc>
<status status="PASS" starttime="20220408 09:39:09.812" endtime="20220408 09:39:09.812"/>
</kw>
<kw name="Append To File" library="OperatingSystem">
<arg>C:/Users/shajavee/PycharmProjects/Robotframework/testing11</arg>
<arg>${LinkText}</arg>
<doc>Appends the given content to the specified file.</doc>
<msg timestamp="20220408 09:39:09.812" level="INFO" html="true">Appended to file '&lt;a href="file://C:\Users\shajavee\PycharmProjects\Robotframework\testing11"&gt;C:\Users\shajavee\PycharmProjects\Robotframework\testing11&lt;/a&gt;'.</msg>
<status status="PASS" starttime="20220408 09:39:09.812" endtime="20220408 09:39:09.812"/>
</kw>
<status status="PASS" starttime="20220408 09:39:09.775" endtime="20220408 09:39:09.812"/>
</iter>
<iter>
<var name="${i}">59</var>
<kw name="Get Text" library="SeleniumLibrary">
<var>${LinkText}</var>
<arg>xpath:(//a)[${i}]</arg>
<doc>Returns the text value of the element identified by ``locator``.</doc>
<msg timestamp="20220408 09:39:09.829" level="INFO">${LinkText} = </msg>
<status status="PASS" starttime="20220408 09:39:09.812" endtime="20220408 09:39:09.829"/>
</kw>
<kw name="Log To Console" library="BuiltIn">
<arg>${LinkText}</arg>
<doc>Logs the given message to the console.</doc>
<status status="PASS" starttime="20220408 09:39:09.829" endtime="20220408 09:39:09.829"/>
</kw>
<kw name="Append To File" library="OperatingSystem">
<arg>C:/Users/shajavee/PycharmProjects/Robotframework/testing11</arg>
<arg>${LinkText}</arg>
<doc>Appends the given content to the specified file.</doc>
<msg timestamp="20220408 09:39:09.829" level="INFO" html="true">Appended to file '&lt;a href="file://C:\Users\shajavee\PycharmProjects\Robotframework\testing11"&gt;C:\Users\shajavee\PycharmProjects\Robotframework\testing11&lt;/a&gt;'.</msg>
<status status="PASS" starttime="20220408 09:39:09.829" endtime="20220408 09:39:09.829"/>
</kw>
<status status="PASS" starttime="20220408 09:39:09.812" endtime="20220408 09:39:09.829"/>
</iter>
<iter>
<var name="${i}">60</var>
<kw name="Get Text" library="SeleniumLibrary">
<var>${LinkText}</var>
<arg>xpath:(//a)[${i}]</arg>
<doc>Returns the text value of the element identified by ``locator``.</doc>
<msg timestamp="20220408 09:39:09.861" level="INFO">${LinkText} = </msg>
<status status="PASS" starttime="20220408 09:39:09.829" endtime="20220408 09:39:09.861"/>
</kw>
<kw name="Log To Console" library="BuiltIn">
<arg>${LinkText}</arg>
<doc>Logs the given message to the console.</doc>
<status status="PASS" starttime="20220408 09:39:09.861" endtime="20220408 09:39:09.861"/>
</kw>
<kw name="Append To File" library="OperatingSystem">
<arg>C:/Users/shajavee/PycharmProjects/Robotframework/testing11</arg>
<arg>${LinkText}</arg>
<doc>Appends the given content to the specified file.</doc>
<msg timestamp="20220408 09:39:09.861" level="INFO" html="true">Appended to file '&lt;a href="file://C:\Users\shajavee\PycharmProjects\Robotframework\testing11"&gt;C:\Users\shajavee\PycharmProjects\Robotframework\testing11&lt;/a&gt;'.</msg>
<status status="PASS" starttime="20220408 09:39:09.861" endtime="20220408 09:39:09.861"/>
</kw>
<status status="PASS" starttime="20220408 09:39:09.829" endtime="20220408 09:39:09.861"/>
</iter>
<iter>
<var name="${i}">61</var>
<kw name="Get Text" library="SeleniumLibrary">
<var>${LinkText}</var>
<arg>xpath:(//a)[${i}]</arg>
<doc>Returns the text value of the element identified by ``locator``.</doc>
<msg timestamp="20220408 09:39:09.877" level="INFO">${LinkText} = </msg>
<status status="PASS" starttime="20220408 09:39:09.861" endtime="20220408 09:39:09.877"/>
</kw>
<kw name="Log To Console" library="BuiltIn">
[...]
</kw>
<kw name="Append To File" library="OperatingSystem">
<arg>C:/Users/shajavee/PycharmProjects/Robotframework/testing11</arg>
<arg>${LinkText}</arg>
<doc>Appends the given content to the specified file.</doc>
<msg timestamp="20220408 09:39:12.202" level="INFO" html="true">Appended to file '&lt;a href="file://C:\Users\shajavee\PycharmProjects\Robotframework\testing11"&gt;C:\Users\shajavee\PycharmProjects\Robotframework\testing11&lt;/a&gt;'.</msg>
<status status="PASS" starttime="20220408 09:39:12.202" endtime="20220408 09:39:12.202"/>
</kw>
<status status="PASS" starttime="20220408 09:39:12.164" endtime="20220408 09:39:12.202"/>
</iter>
<iter>
<var name="${i}">135</var>
<kw name="Get Text" library="SeleniumLibrary">
<var>${LinkText}</var>
<arg>xpath:(//a)[${i}]</arg>
<doc>Returns the text value of the element identified by ``locator``.</doc>
<msg timestamp="20220408 09:39:12.233" level="INFO">${LinkText} = Appium</msg>
<status status="PASS" starttime="20220408 09:39:12.202" endtime="20220408 09:39:12.233"/>
</kw>
<kw name="Log To Console" library="BuiltIn">
<arg>${LinkText}</arg>
<doc>Logs the given message to the console.</doc>
<status status="PASS" starttime="20220408 09:39:12.233" endtime="20220408 09:39:12.233"/>
</kw>
<kw name="Append To File" library="OperatingSystem">
<arg>C:/Users/shajavee/PycharmProjects/Robotframework/testing11</arg>
<arg>${LinkText}</arg>
<doc>Appends the given content to the specified file.</doc>
<msg timestamp="20220408 09:39:12.233" level="INFO" html="true">Appended to file '&lt;a href="file://C:\Users\shajavee\PycharmProjects\Robotframework\testing11"&gt;C:\Users\shajavee\PycharmProjects\Robotframework\testing11&lt;/a&gt;'.</msg>
<status status="PASS" starttime="20220408 09:39:12.233" endtime="20220408 09:39:12.233"/>
</kw>
<status status="PASS" starttime="20220408 09:39:12.202" endtime="20220408 09:39:12.233"/>
</iter>
<iter>
<var name="${i}">136</var>
<kw name="Get Text" library="SeleniumLibrary">
<var>${LinkText}</var>
<arg>xpath:(//a)[${i}]</arg>
<doc>Returns the text value of the element identified by ``locator``.</doc>
<msg timestamp="20220408 09:39:12.264" level="INFO">${LinkText} = Watir</msg>
<status status="PASS" starttime="20220408 09:39:12.233" endtime="20220408 09:39:12.264"/>
</kw>
<kw name="Log To Console" library="BuiltIn">
<arg>${LinkText}</arg>
<doc>Logs the given message to the console.</doc>
<status status="PASS" starttime="20220408 09:39:12.264" endtime="20220408 09:39:12.264"/>
</kw>
<kw name="Append To File" library="OperatingSystem">
<arg>C:/Users/shajavee/PycharmProjects/Robotframework/testing11</arg>
<arg>${LinkText}</arg>
<doc>Appends the given content to the specified file.</doc>
<msg timestamp="20220408 09:39:12.264" level="INFO" html="true">Appended to file '&lt;a href="file://C:\Users\shajavee\PycharmProjects\Robotframework\testing11"&gt;C:\Users\shajavee\PycharmProjects\Robotframework\testing11&lt;/a&gt;'.</msg>
<status status="PASS" starttime="20220408 09:39:12.264" endtime="20220408 09:39:12.264"/>
</kw>
<status status="PASS" starttime="20220408 09:39:12.233" endtime="20220408 09:39:12.264"/>
</iter>
<iter>
<var name="${i}">137</var>
<kw name="Get Text" library="SeleniumLibrary">
<var>${LinkText}</var>
<arg>xpath:(//a)[${i}]</arg>
<doc>Returns the text value of the element identified by ``locator``.</doc>
<msg timestamp="20220408 09:39:12.302" level="INFO">${LinkText} = </msg>
<status status="PASS" starttime="20220408 09:39:12.264" endtime="20220408 09:39:12.302"/>
</kw>
<kw name="Log To Console" library="BuiltIn">
<arg>${LinkText}</arg>
<doc>Logs the given message to the console.</doc>
<status status="PASS" starttime="20220408 09:39:12.302" endtime="20220408 09:39:12.302"/>
</kw>
<kw name="Append To File" library="OperatingSystem">
<arg>C:/Users/shajavee/PycharmProjects/Robotframework/testing11</arg>
<arg>${LinkText}</arg>
<doc>Appends the given content to the specified file.</doc>
<msg timestamp="20220408 09:39:12.302" level="INFO" html="true">Appended to file '&lt;a href="file://C:\Users\shajavee\PycharmProjects\Robotframework\testing11"&gt;C:\Users\shajavee\PycharmProjects\Robotframework\testing11&lt;/a&gt;'.</msg>
<status status="PASS" starttime="20220408 09:39:12.302" endtime="20220408 09:39:12.302"/>
</kw>
<status status="PASS" starttime="20220408 09:39:12.264" endtime="20220408 09:39:12.302"/>
</iter>
<iter>
<var name="${i}">138</var>
<kw name="Get Text" library="SeleniumLibrary">
<var>${LinkText}</var>
<arg>xpath:(//a)[${i}]</arg>
<doc>Returns the text value of the element identified by ``locator``.</doc>
<msg timestamp="20220408 09:39:12.334" level="INFO">${LinkText} = Mysuru, Karnataka - From your IP address</msg>
<status status="PASS" starttime="20220408 09:39:12.302" endtime="20220408 09:39:12.334"/>
</kw>
<kw name="Log To Console" library="BuiltIn">
<arg>${LinkText}</arg>
<doc>Logs the given message to the console.</doc>
<status status="PASS" starttime="20220408 09:39:12.334" endtime="20220408 09:39:12.334"/>
</kw>
<kw name="Append To File" library="OperatingSystem">
<arg>C:/Users/shajavee/PycharmProjects/Robotframework/testing11</arg>
<arg>${LinkText}</arg>
<doc>Appends the given content to the specified file.</doc>
<msg timestamp="20220408 09:39:12.334" level="INFO" html="true">Appended to file '&lt;a href="file://C:\Users\shajavee\PycharmProjects\Robotframework\testing11"&gt;C:\Users\shajavee\PycharmProjects\Robotframework\testing11&lt;/a&gt;'.</msg>
<status status="PASS" starttime="20220408 09:39:12.334" endtime="20220408 09:39:12.334"/>
</kw>
<status status="PASS" starttime="20220408 09:39:12.302" endtime="20220408 09:39:12.334"/>
</iter>
<iter>
<var name="${i}">139</var>
<kw name="Get Text" library="SeleniumLibrary">
<var>${LinkText}</var>
<arg>xpath:(//a)[${i}]</arg>
<doc>Returns the text value of the element identified by ``locator``.</doc>
<msg timestamp="20220408 09:39:12.366" level="INFO">${LinkText} = Help</msg>
<status status="PASS" starttime="20220408 09:39:12.334" endtime="20220408 09:39:12.366"/>
</kw>
<kw name="Log To Console" library="BuiltIn">
<arg>${LinkText}</arg>
<doc>Logs the given message to the console.</doc>
<status status="PASS" starttime="20220408 09:39:12.366" endtime="20220408 09:39:12.366"/>
</kw>
<kw name="Append To File" library="OperatingSystem">
<arg>C:/Users/shajavee/PycharmProjects/Robotframework/testing11</arg>
<arg>${LinkText}</arg>
<doc>Appends the given content to the specified file.</doc>
<msg timestamp="20220408 09:39:12.366" level="INFO" html="true">Appended to file '&lt;a href="file://C:\Users\shajavee\PycharmProjects\Robotframework\testing11"&gt;C:\Users\shajavee\PycharmProjects\Robotframework\testing11&lt;/a&gt;'.</msg>
<status status="PASS" starttime="20220408 09:39:12.366" endtime="20220408 09:39:12.366"/>
</kw>
<status status="PASS" starttime="20220408 09:39:12.334" endtime="20220408 09:39:12.366"/>
</iter>
<iter>
<var name="${i}">140</var>
<kw name="Get Text" library="SeleniumLibrary">
<var>${LinkText}</var>
<arg>xpath:(//a)[${i}]</arg>
<doc>Returns the text value of the element identified by ``locator``.</doc>
<msg timestamp="20220408 09:39:12.397" level="INFO">${LinkText} = Send feedback</msg>
<status status="PASS" starttime="20220408 09:39:12.366" endtime="20220408 09:39:12.397"/>
</kw>
<kw name="Log To Console" library="BuiltIn">
<arg>${LinkText}</arg>
<doc>Logs the given message to the console.</doc>
<status status="PASS" starttime="20220408 09:39:12.397" endtime="20220408 09:39:12.402"/>
</kw>
<kw name="Append To File" library="OperatingSystem">
<arg>C:/Users/shajavee/PycharmProjects/Robotframework/testing11</arg>
<arg>${LinkText}</arg>
<doc>Appends the given content to the specified file.</doc>
<msg timestamp="20220408 09:39:12.402" level="INFO" html="true">Appended to file '&lt;a href="file://C:\Users\shajavee\PycharmProjects\Robotframework\testing11"&gt;C:\Users\shajavee\PycharmProjects\Robotframework\testing11&lt;/a&gt;'.</msg>
<status status="PASS" starttime="20220408 09:39:12.402" endtime="20220408 09:39:12.402"/>
</kw>
<status status="PASS" starttime="20220408 09:39:12.366" endtime="20220408 09:39:12.402"/>
</iter>
<iter>
<var name="${i}">141</var>
<kw name="Get Text" library="SeleniumLibrary">
<var>${LinkText}</var>
<arg>xpath:(//a)[${i}]</arg>
<doc>Returns the text value of the element identified by ``locator``.</doc>
<msg timestamp="20220408 09:39:12.434" level="INFO">${LinkText} = Privacy</msg>
<status status="PASS" starttime="20220408 09:39:12.402" endtime="20220408 09:39:12.434"/>
</kw>
<kw name="Log To Console" library="BuiltIn">
<arg>${LinkText}</arg>
<doc>Logs the given message to the console.</doc>
<status status="PASS" starttime="20220408 09:39:12.434" endtime="20220408 09:39:12.434"/>
</kw>
<kw name="Append To File" library="OperatingSystem">
<arg>C:/Users/shajavee/PycharmProjects/Robotframework/testing11</arg>
<arg>${LinkText}</arg>
<doc>Appends the given content to the specified file.</doc>
<msg timestamp="20220408 09:39:12.434" level="INFO" html="true">Appended to file '&lt;a href="file://C:\Users\shajavee\PycharmProjects\Robotframework\testing11"&gt;C:\Users\shajavee\PycharmProjects\Robotframework\testing11&lt;/a&gt;'.</msg>
<status status="PASS" starttime="20220408 09:39:12.434" endtime="20220408 09:39:12.434"/>
</kw>
<status status="PASS" starttime="20220408 09:39:12.402" endtime="20220408 09:39:12.434"/>
</iter>
<iter>
<var name="${i}">142</var>
<kw name="Get Text" library="SeleniumLibrary">
<var>${LinkText}</var>
<arg>xpath:(//a)[${i}]</arg>
<doc>Returns the text value of the element identified by ``locator``.</doc>
<msg timestamp="20220408 09:39:12.466" level="INFO">${LinkText} = Terms</msg>
<status status="PASS" starttime="20220408 09:39:12.434" endtime="20220408 09:39:12.466"/>
</kw>
<kw name="Log To Console" library="BuiltIn">
<arg>${LinkText}</arg>
<doc>Logs the given message to the console.</doc>
<status status="PASS" starttime="20220408 09:39:12.466" endtime="20220408 09:39:12.466"/>
</kw>
<kw name="Append To File" library="OperatingSystem">
<arg>C:/Users/shajavee/PycharmProjects/Robotframework/testing11</arg>
<arg>${LinkText}</arg>
<doc>Appends the given content to the specified file.</doc>
<msg timestamp="20220408 09:39:12.466" level="INFO" html="true">Appended to file '&lt;a href="file://C:\Users\shajavee\PycharmProjects\Robotframework\testing11"&gt;C:\Users\shajavee\PycharmProjects\Robotframework\testing11&lt;/a&gt;'.</msg>
<status status="PASS" starttime="20220408 09:39:12.466" endtime="20220408 09:39:12.466"/>
</kw>
<status status="PASS" starttime="20220408 09:39:12.434" endtime="20220408 09:39:12.466"/>
</iter>
<status status="PASS" starttime="20220408 09:39:08.244" endtime="20220408 09:39:12.466"/>
</for>
<kw name="Click Element" library="SeleniumLibrary">
<arg>xpath://*[@id="rso"]/div[1]/div/div/div/div/div/div/div[1]/a/h3</arg>
<doc>Click the element identified by ``locator``.</doc>
<msg timestamp="20220408 09:39:12.466" level="INFO">Clicking element 'xpath://*[@id="rso"]/div[1]/div/div/div/div/div/div/div[1]/a/h3'.</msg>
<status status="PASS" starttime="20220408 09:39:12.466" endtime="20220408 09:39:14.366"/>
</kw>
<kw name="Sleep" library="BuiltIn">
<arg>5</arg>
<doc>Pauses the test executed for the given time.</doc>
<msg timestamp="20220408 09:39:19.375" level="INFO">Slept 5 seconds</msg>
<status status="PASS" starttime="20220408 09:39:14.367" endtime="20220408 09:39:19.375"/>
</kw>
<status status="PASS" starttime="20220408 09:38:57.387" endtime="20220408 09:39:19.375"/>
</test>
<test id="s1-t3" name="DATA" line="36">
<kw name="Get Text" library="SeleniumLibrary">
<var>${web}</var>
<arg>xpath://*[@id="app"]/div[5]/div[1]</arg>
<doc>Returns the text value of the element identified by ``locator``.</doc>
<msg timestamp="20220408 09:39:19.435" level="INFO">${web} = INTRODUCTION
Robot Framework is a generic open source automation framework. It can be used for test automation and robotic process automation (RPA).

Robot Framework is supported by Robot Framework Fo...</msg>
<status status="PASS" starttime="20220408 09:39:19.375" endtime="20220408 09:39:19.435"/>
</kw>
<for flavor="IN">
<var>${i}</var>
<value>RANGE</value>
<value>${web}</value>
<iter>
<var name="${i}">RANGE</var>
<kw name="Log To Console" library="BuiltIn">
<arg>${i}</arg>
<doc>Logs the given message to the console.</doc>
<status status="PASS" starttime="20220408 09:39:19.436" endtime="20220408 09:39:19.436"/>
</kw>
<kw name="Append To File" library="OperatingSystem">
<arg>C:/Users/shajavee/PycharmProjects/Robotframework/testing11</arg>
<arg>${i}</arg>
<doc>Appends the given content to the specified file.</doc>
<msg timestamp="20220408 09:39:19.438" level="INFO" html="true">Appended to file '&lt;a href="file://C:\Users\shajavee\PycharmProjects\Robotframework\testing11"&gt;C:\Users\shajavee\PycharmProjects\Robotframework\testing11&lt;/a&gt;'.</msg>
<status status="PASS" starttime="20220408 09:39:19.437" endtime="20220408 09:39:19.438"/>
</kw>
<status status="PASS" starttime="20220408 09:39:19.436" endtime="20220408 09:39:19.438"/>
</iter>
<iter>
<var name="${i}">INTRODUCTION
Robot Framework is a generic open source automation framework. It can be used for test automation and robotic process automation (RPA).

Robot Framework is supported by Robot Framework Fo...</var>
<kw name="Log To Console" library="BuiltIn">
<arg>${i}</arg>
<doc>Logs the given message to the console.</doc>
<status status="PASS" starttime="20220408 09:39:19.439" endtime="20220408 09:39:19.440"/>
</kw>
<kw name="Append To File" library="OperatingSystem">
<arg>C:/Users/shajavee/PycharmProjects/Robotframework/testing11</arg>
<arg>${i}</arg>
<doc>Appends the given content to the specified file.</doc>
<msg timestamp="20220408 09:39:19.441" level="INFO" html="true">Appended to file '&lt;a href="file://C:\Users\shajavee\PycharmProjects\Robotframework\testing11"&gt;C:\Users\shajavee\PycharmProjects\Robotframework\testing11&lt;/a&gt;'.</msg>
<status status="PASS" starttime="20220408 09:39:19.440" endtime="20220408 09:39:19.441"/>
</kw>
<status status="PASS" starttime="20220408 09:39:19.439" endtime="20220408 09:39:19.441"/>
</iter>
<status status="PASS" starttime="20220408 09:39:19.436" endtime="20220408 09:39:19.441"/>
</for>
<kw name="Capture Page Screenshot" library="SeleniumLibrary">
<arg>C:/Users/shajavee/PycharmProjects/Robotframework/logo.png</arg>
<doc>Takes a screenshot of the current page and embeds it into a log file.</doc>
<msg timestamp="20220408 09:39:19.611" level="INFO" html="true">&lt;/td&gt;&lt;/tr&gt;&lt;tr&gt;&lt;td colspan="3"&gt;&lt;a href="logo.png"&gt;&lt;img src="logo.png" width="800px"&gt;&lt;/a&gt;</msg>
<status status="PASS" starttime="20220408 09:39:19.441" endtime="20220408 09:39:19.611"/>
</kw>
<kw name="Close Browser" library="SeleniumLibrary">
<doc>Closes the current browser.</doc>
<status status="PASS" starttime="20220408 09:39:19.611" endtime="20220408 09:39:21.834"/>
</kw>
<status status="PASS" starttime="20220408 09:39:19.375" endtime="20220408 09:39:21.834"/>
</test>
<test id="s1-t4" name="github_Valid_Login" line="52">
<kw name="Open Browser" library="SeleniumLibrary">
<arg>${url1}</arg>
<arg>${browser}</arg>
<doc>Opens a new browser instance to the optional ``url``.</doc>
<msg timestamp="20220408 09:39:21.834" level="INFO">Opening browser 'chrome' to base url 'https://www.github.com/'.</msg>
<status status="PASS" starttime="20220408 09:39:21.834" endtime="20220408 09:39:27.982"/>
</kw>
<kw name="Maximize Browser Window" library="SeleniumLibrary">
<doc>Maximizes current browser window.</doc>
<status status="PASS" starttime="20220408 09:39:27.982" endtime="20220408 09:39:28.124"/>
</kw>
<kw name="Click Element" library="SeleniumLibrary">
<arg>xpath:/html/body/div[1]/header/div/div[2]/div[2]/div[2]/a</arg>
<doc>Click the element identified by ``locator``.</doc>
<msg timestamp="20220408 09:39:28.124" level="INFO">Clicking element 'xpath:/html/body/div[1]/header/div/div[2]/div[2]/div[2]/a'.</msg>
<status status="PASS" starttime="20220408 09:39:28.124" endtime="20220408 09:39:28.729"/>
</kw>
<kw name="Input Text" library="SeleniumLibrary">
<arg>id:login_field</arg>
<arg>javeedshaik7852@gmail.com</arg>
<doc>Types the given ``text`` into the text field identified by ``locator``.</doc>
<msg timestamp="20220408 09:39:28.730" level="INFO">Typing text 'javeedshaik7852@gmail.com' into text field 'id:login_field'.</msg>
<status status="PASS" starttime="20220408 09:39:28.729" endtime="20220408 09:39:28.824"/>
</kw>
<kw name="Input Text" library="SeleniumLibrary">
<arg>id:password</arg>
<arg>Javeed@9700</arg>
<doc>Types the given ``text`` into the text field identified by ``locator``.</doc>
<msg timestamp="20220408 09:39:28.825" level="INFO">Typing text 'Javeed@9700' into text field 'id:password'.</msg>
<status status="PASS" starttime="20220408 09:39:28.825" endtime="20220408 09:39:28.908"/>
</kw>
<kw name="Click Button" library="SeleniumLibrary">
<arg>name:commit</arg>
<doc>Clicks the button identified by ``locator``.</doc>
<msg timestamp="20220408 09:39:28.910" level="INFO">Clicking button 'name:commit'.</msg>
<status status="PASS" starttime="20220408 09:39:28.909" endtime="20220408 09:39:30.404"/>
</kw>
<kw name="Sleep" library="BuiltIn">
<arg>10</arg>
<doc>Pauses the test executed for the given time.</doc>
<msg timestamp="20220408 09:39:40.420" level="INFO">Slept 10 seconds</msg>
<status status="PASS" starttime="20220408 09:39:30.405" endtime="20220408 09:39:40.420"/>
</kw>
<kw name="Input Text" library="SeleniumLibrary">
<arg>name:q</arg>
<arg>javeedshaik7852</arg>
<doc>Types the given ``text`` into the text field identified by ``locator``.</doc>
<msg timestamp="20220408 09:39:40.421" level="INFO">Typing text 'javeedshaik7852' into text field 'name:q'.</msg>
<status status="PASS" starttime="20220408 09:39:40.421" endtime="20220408 09:39:40.572"/>
</kw>
<kw name="Click Element" library="SeleniumLibrary">
<arg>xpath://*[@id="jump-to-suggestion-search-global"]/a/div[3]/span[2]</arg>
<doc>Click the element identified by ``locator``.</doc>
<msg timestamp="20220408 09:39:40.574" level="INFO">Clicking element 'xpath://*[@id="jump-to-suggestion-search-global"]/a/div[3]/span[2]'.</msg>
<status status="PASS" starttime="20220408 09:39:40.574" endtime="20220408 09:39:41.392"/>
</kw>
<kw name="Click Element" library="SeleniumLibrary">
<arg>xpath://*[@id="js-pjax-container"]/div/div[3]/div/ul/li/div[2]/div[1]/div/a</arg>
<doc>Click the element identified by ``locator``.</doc>
<msg timestamp="20220408 09:39:41.393" level="INFO">Clicking element 'xpath://*[@id="js-pjax-container"]/div/div[3]/div/ul/li/div[2]/div[1]/div/a'.</msg>
<status status="PASS" starttime="20220408 09:39:41.393" endtime="20220408 09:39:42.494"/>
</kw>
<kw name="Click Element" library="SeleniumLibrary">
<arg>xpath://*[@id="repo-content-pjax-container"]/div/div/div[3]/div[2]/div[1]/a[1]</arg>
<doc>Click the element identified by ``locator``.</doc>
<msg timestamp="20220408 09:39:42.494" level="INFO">Clicking element 'xpath://*[@id="repo-content-pjax-container"]/div/div/div[3]/div[2]/div[1]/a[1]'.</msg>
<status status="PASS" starttime="20220408 09:39:42.494" endtime="20220408 09:39:43.585"/>
</kw>
<status status="PASS" starttime="20220408 09:39:21.834" endtime="20220408 09:39:43.585"/>
</test>
<status status="PASS" starttime="20220408 09:38:57.219" endtime="20220408 09:39:43.588"/>
</suite>
<statistics>
<total>
<stat pass="4" fail="0" skip="0">All Tests</stat>
</total>
<tag>
</tag>
<suite>
<stat pass="4" fail="0" skip="0" id="s1" name="Test">Test</stat>
</suite>
</statistics>
<errors>
</errors>
</robot>
